Started GET "/" for 127.0.0.1 at 2018-07-09 14:41:38 -0700
Processing by Rails::WelcomeController#index as HTML
  Rendering /usr/local/var/rbenv/versions/2.5.0/lib/ruby/gems/2.5.0/gems/railties-5.1.6/lib/rails/templates/rails/welcome/index.html.erb
  Rendered /usr/local/var/rbenv/versions/2.5.0/lib/ruby/gems/2.5.0/gems/railties-5.1.6/lib/rails/templates/rails/welcome/index.html.erb (4.3ms)
Completed 200 OK in 329ms (Views: 29.7ms)


Started GET "/" for 127.0.0.1 at 2018-07-09 14:43:46 -0700
Processing by Rails::WelcomeController#index as HTML
  Rendering /usr/local/var/rbenv/versions/2.5.0/lib/ruby/gems/2.5.0/gems/railties-5.1.6/lib/rails/templates/rails/welcome/index.html.erb
  Rendered /usr/local/var/rbenv/versions/2.5.0/lib/ruby/gems/2.5.0/gems/railties-5.1.6/lib/rails/templates/rails/welcome/index.html.erb (3.1ms)
Completed 200 OK in 30ms (Views: 6.8ms)


Started GET "/" for 127.0.0.1 at 2018-07-09 14:51:43 -0700
Processing by Rails::WelcomeController#index as */*
  Rendering /usr/local/var/rbenv/versions/2.5.0/lib/ruby/gems/2.5.0/gems/railties-5.1.6/lib/rails/templates/rails/welcome/index.html.erb
  Rendered /usr/local/var/rbenv/versions/2.5.0/lib/ruby/gems/2.5.0/gems/railties-5.1.6/lib/rails/templates/rails/welcome/index.html.erb (3.5ms)
Completed 200 OK in 101ms (Views: 34.7ms)


Started GET "/" for 127.0.0.1 at 2018-07-09 14:52:41 -0700
Processing by Rails::WelcomeController#index as */*
  Rendering /usr/local/var/rbenv/versions/2.5.0/lib/ruby/gems/2.5.0/gems/railties-5.1.6/lib/rails/templates/rails/welcome/index.html.erb
  Rendered /usr/local/var/rbenv/versions/2.5.0/lib/ruby/gems/2.5.0/gems/railties-5.1.6/lib/rails/templates/rails/welcome/index.html.erb (3.3ms)
Completed 200 OK in 78ms (Views: 37.8ms)


Started GET "/users" for 127.0.0.1 at 2018-07-09 14:55:21 -0700
  
ActionController::RoutingError (No route matches [GET] "/users"):
  
actionpack (5.1.6) lib/action_dispatch/middleware/debug_exceptions.rb:63:in `call'
web-console (3.6.2) lib/web_console/middleware.rb:135:in `call_app'
web-console (3.6.2) lib/web_console/middleware.rb:30:in `block in call'
web-console (3.6.2) lib/web_console/middleware.rb:20:in `catch'
web-console (3.6.2) lib/web_console/middleware.rb:20:in `call'
actionpack (5.1.6) lib/action_dispatch/middleware/show_exceptions.rb:31:in `call'
railties (5.1.6) lib/rails/rack/logger.rb:36:in `call_app'
railties (5.1.6) lib/rails/rack/logger.rb:24:in `block in call'
activesupport (5.1.6) lib/active_support/tagged_logging.rb:69:in `block in tagged'
activesupport (5.1.6) lib/active_support/tagged_logging.rb:26:in `tagged'
activesupport (5.1.6) lib/active_support/tagged_logging.rb:69:in `tagged'
railties (5.1.6) lib/rails/rack/logger.rb:24:in `call'
sprockets-rails (3.2.1) lib/sprockets/rails/quiet_assets.rb:13:in `call'
actionpack (5.1.6) lib/action_dispatch/middleware/remote_ip.rb:79:in `call'
actionpack (5.1.6) lib/action_dispatch/middleware/request_id.rb:25:in `call'
rack (2.0.5) lib/rack/method_override.rb:22:in `call'
rack (2.0.5) lib/rack/runtime.rb:22:in `call'
activesupport (5.1.6) lib/active_support/cache/strategy/local_cache_middleware.rb:27:in `call'
actionpack (5.1.6) lib/action_dispatch/middleware/executor.rb:12:in `call'
actionpack (5.1.6) lib/action_dispatch/middleware/static.rb:125:in `call'
rack (2.0.5) lib/rack/sendfile.rb:111:in `call'
railties (5.1.6) lib/rails/engine.rb:522:in `call'
puma (3.11.4) lib/puma/configuration.rb:225:in `call'
puma (3.11.4) lib/puma/server.rb:632:in `handle_request'
puma (3.11.4) lib/puma/server.rb:446:in `process_client'
puma (3.11.4) lib/puma/server.rb:306:in `block in run'
puma (3.11.4) lib/puma/thread_pool.rb:120:in `block in spawn_thread'
Started GET "/index" for 127.0.0.1 at 2018-07-09 14:57:28 -0700
  
ActionController::RoutingError (No route matches [GET] "/index"):
  
actionpack (5.1.6) lib/action_dispatch/middleware/debug_exceptions.rb:63:in `call'
web-console (3.6.2) lib/web_console/middleware.rb:135:in `call_app'
web-console (3.6.2) lib/web_console/middleware.rb:30:in `block in call'
web-console (3.6.2) lib/web_console/middleware.rb:20:in `catch'
web-console (3.6.2) lib/web_console/middleware.rb:20:in `call'
actionpack (5.1.6) lib/action_dispatch/middleware/show_exceptions.rb:31:in `call'
railties (5.1.6) lib/rails/rack/logger.rb:36:in `call_app'
railties (5.1.6) lib/rails/rack/logger.rb:24:in `block in call'
activesupport (5.1.6) lib/active_support/tagged_logging.rb:69:in `block in tagged'
activesupport (5.1.6) lib/active_support/tagged_logging.rb:26:in `tagged'
activesupport (5.1.6) lib/active_support/tagged_logging.rb:69:in `tagged'
railties (5.1.6) lib/rails/rack/logger.rb:24:in `call'
sprockets-rails (3.2.1) lib/sprockets/rails/quiet_assets.rb:13:in `call'
actionpack (5.1.6) lib/action_dispatch/middleware/remote_ip.rb:79:in `call'
actionpack (5.1.6) lib/action_dispatch/middleware/request_id.rb:25:in `call'
rack (2.0.5) lib/rack/method_override.rb:22:in `call'
rack (2.0.5) lib/rack/runtime.rb:22:in `call'
activesupport (5.1.6) lib/active_support/cache/strategy/local_cache_middleware.rb:27:in `call'
actionpack (5.1.6) lib/action_dispatch/middleware/executor.rb:12:in `call'
actionpack (5.1.6) lib/action_dispatch/middleware/static.rb:125:in `call'
rack (2.0.5) lib/rack/sendfile.rb:111:in `call'
railties (5.1.6) lib/rails/engine.rb:522:in `call'
puma (3.11.4) lib/puma/configuration.rb:225:in `call'
puma (3.11.4) lib/puma/server.rb:632:in `handle_request'
puma (3.11.4) lib/puma/server.rb:446:in `process_client'
puma (3.11.4) lib/puma/server.rb:306:in `block in run'
puma (3.11.4) lib/puma/thread_pool.rb:120:in `block in spawn_thread'
Started GET "/users/index" for 127.0.0.1 at 2018-07-09 14:58:48 -0700
  
AbstractController::ActionNotFound (The action 'show' could not be found for UsersController):
  
actionpack (5.1.6) lib/abstract_controller/base.rb:119:in `process'
actionview (5.1.6) lib/action_view/rendering.rb:30:in `process'
actionpack (5.1.6) lib/action_controller/metal.rb:189:in `dispatch'
actionpack (5.1.6) lib/action_controller/metal.rb:253:in `dispatch'
actionpack (5.1.6) lib/action_dispatch/routing/route_set.rb:49:in `dispatch'
actionpack (5.1.6) lib/action_dispatch/routing/route_set.rb:31:in `serve'
actionpack (5.1.6) lib/action_dispatch/journey/router.rb:50:in `block in serve'
actionpack (5.1.6) lib/action_dispatch/journey/router.rb:33:in `each'
actionpack (5.1.6) lib/action_dispatch/journey/router.rb:33:in `serve'
actionpack (5.1.6) lib/action_dispatch/routing/route_set.rb:844:in `call'
rack (2.0.5) lib/rack/etag.rb:25:in `call'
rack (2.0.5) lib/rack/conditional_get.rb:25:in `call'
rack (2.0.5) lib/rack/head.rb:12:in `call'
rack (2.0.5) lib/rack/session/abstract/id.rb:232:in `context'
rack (2.0.5) lib/rack/session/abstract/id.rb:226:in `call'
actionpack (5.1.6) lib/action_dispatch/middleware/cookies.rb:613:in `call'
activerecord (5.1.6) lib/active_record/migration.rb:556:in `call'
actionpack (5.1.6) lib/action_dispatch/middleware/callbacks.rb:26:in `block in call'
activesupport (5.1.6) lib/active_support/callbacks.rb:97:in `run_callbacks'
actionpack (5.1.6) lib/action_dispatch/middleware/callbacks.rb:24:in `call'
actionpack (5.1.6) lib/action_dispatch/middleware/executor.rb:12:in `call'
actionpack (5.1.6) lib/action_dispatch/middleware/debug_exceptions.rb:59:in `call'
web-console (3.6.2) lib/web_console/middleware.rb:135:in `call_app'
web-console (3.6.2) lib/web_console/middleware.rb:30:in `block in call'
web-console (3.6.2) lib/web_console/middleware.rb:20:in `catch'
web-console (3.6.2) lib/web_console/middleware.rb:20:in `call'
actionpack (5.1.6) lib/action_dispatch/middleware/show_exceptions.rb:31:in `call'
railties (5.1.6) lib/rails/rack/logger.rb:36:in `call_app'
railties (5.1.6) lib/rails/rack/logger.rb:24:in `block in call'
activesupport (5.1.6) lib/active_support/tagged_logging.rb:69:in `block in tagged'
activesupport (5.1.6) lib/active_support/tagged_logging.rb:26:in `tagged'
activesupport (5.1.6) lib/active_support/tagged_logging.rb:69:in `tagged'
railties (5.1.6) lib/rails/rack/logger.rb:24:in `call'
sprockets-rails (3.2.1) lib/sprockets/rails/quiet_assets.rb:13:in `call'
actionpack (5.1.6) lib/action_dispatch/middleware/remote_ip.rb:79:in `call'
actionpack (5.1.6) lib/action_dispatch/middleware/request_id.rb:25:in `call'
rack (2.0.5) lib/rack/method_override.rb:22:in `call'
rack (2.0.5) lib/rack/runtime.rb:22:in `call'
activesupport (5.1.6) lib/active_support/cache/strategy/local_cache_middleware.rb:27:in `call'
actionpack (5.1.6) lib/action_dispatch/middleware/executor.rb:12:in `call'
actionpack (5.1.6) lib/action_dispatch/middleware/static.rb:125:in `call'
rack (2.0.5) lib/rack/sendfile.rb:111:in `call'
railties (5.1.6) lib/rails/engine.rb:522:in `call'
puma (3.11.4) lib/puma/configuration.rb:225:in `call'
puma (3.11.4) lib/puma/server.rb:632:in `handle_request'
puma (3.11.4) lib/puma/server.rb:446:in `process_client'
puma (3.11.4) lib/puma/server.rb:306:in `block in run'
puma (3.11.4) lib/puma/thread_pool.rb:120:in `block in spawn_thread'
Started GET "/" for 127.0.0.1 at 2018-07-09 14:59:57 -0700
Processing by Rails::WelcomeController#index as */*
  Rendering /usr/local/var/rbenv/versions/2.5.0/lib/ruby/gems/2.5.0/gems/railties-5.1.6/lib/rails/templates/rails/welcome/index.html.erb
  Rendered /usr/local/var/rbenv/versions/2.5.0/lib/ruby/gems/2.5.0/gems/railties-5.1.6/lib/rails/templates/rails/welcome/index.html.erb (2.6ms)
Completed 200 OK in 115ms (Views: 36.2ms)


Started GET "/users" for 127.0.0.1 at 2018-07-09 15:04:41 -0700
  
AbstractController::ActionNotFound (The action 'index' could not be found for UsersController):
  
actionpack (5.1.6) lib/abstract_controller/base.rb:119:in `process'
actionview (5.1.6) lib/action_view/rendering.rb:30:in `process'
actionpack (5.1.6) lib/action_controller/metal.rb:189:in `dispatch'
actionpack (5.1.6) lib/action_controller/metal.rb:253:in `dispatch'
actionpack (5.1.6) lib/action_dispatch/routing/route_set.rb:49:in `dispatch'
actionpack (5.1.6) lib/action_dispatch/routing/route_set.rb:31:in `serve'
actionpack (5.1.6) lib/action_dispatch/journey/router.rb:50:in `block in serve'
actionpack (5.1.6) lib/action_dispatch/journey/router.rb:33:in `each'
actionpack (5.1.6) lib/action_dispatch/journey/router.rb:33:in `serve'
actionpack (5.1.6) lib/action_dispatch/routing/route_set.rb:844:in `call'
rack (2.0.5) lib/rack/etag.rb:25:in `call'
rack (2.0.5) lib/rack/conditional_get.rb:25:in `call'
rack (2.0.5) lib/rack/head.rb:12:in `call'
rack (2.0.5) lib/rack/session/abstract/id.rb:232:in `context'
rack (2.0.5) lib/rack/session/abstract/id.rb:226:in `call'
actionpack (5.1.6) lib/action_dispatch/middleware/cookies.rb:613:in `call'
activerecord (5.1.6) lib/active_record/migration.rb:556:in `call'
actionpack (5.1.6) lib/action_dispatch/middleware/callbacks.rb:26:in `block in call'
activesupport (5.1.6) lib/active_support/callbacks.rb:97:in `run_callbacks'
actionpack (5.1.6) lib/action_dispatch/middleware/callbacks.rb:24:in `call'
actionpack (5.1.6) lib/action_dispatch/middleware/executor.rb:12:in `call'
actionpack (5.1.6) lib/action_dispatch/middleware/debug_exceptions.rb:59:in `call'
web-console (3.6.2) lib/web_console/middleware.rb:135:in `call_app'
web-console (3.6.2) lib/web_console/middleware.rb:30:in `block in call'
web-console (3.6.2) lib/web_console/middleware.rb:20:in `catch'
web-console (3.6.2) lib/web_console/middleware.rb:20:in `call'
actionpack (5.1.6) lib/action_dispatch/middleware/show_exceptions.rb:31:in `call'
railties (5.1.6) lib/rails/rack/logger.rb:36:in `call_app'
railties (5.1.6) lib/rails/rack/logger.rb:24:in `block in call'
activesupport (5.1.6) lib/active_support/tagged_logging.rb:69:in `block in tagged'
activesupport (5.1.6) lib/active_support/tagged_logging.rb:26:in `tagged'
activesupport (5.1.6) lib/active_support/tagged_logging.rb:69:in `tagged'
railties (5.1.6) lib/rails/rack/logger.rb:24:in `call'
sprockets-rails (3.2.1) lib/sprockets/rails/quiet_assets.rb:13:in `call'
actionpack (5.1.6) lib/action_dispatch/middleware/remote_ip.rb:79:in `call'
actionpack (5.1.6) lib/action_dispatch/middleware/request_id.rb:25:in `call'
rack (2.0.5) lib/rack/method_override.rb:22:in `call'
rack (2.0.5) lib/rack/runtime.rb:22:in `call'
activesupport (5.1.6) lib/active_support/cache/strategy/local_cache_middleware.rb:27:in `call'
actionpack (5.1.6) lib/action_dispatch/middleware/executor.rb:12:in `call'
actionpack (5.1.6) lib/action_dispatch/middleware/static.rb:125:in `call'
rack (2.0.5) lib/rack/sendfile.rb:111:in `call'
railties (5.1.6) lib/rails/engine.rb:522:in `call'
puma (3.11.4) lib/puma/configuration.rb:225:in `call'
puma (3.11.4) lib/puma/server.rb:632:in `handle_request'
puma (3.11.4) lib/puma/server.rb:446:in `process_client'
puma (3.11.4) lib/puma/server.rb:306:in `block in run'
puma (3.11.4) lib/puma/thread_pool.rb:120:in `block in spawn_thread'
Started GET "/users" for 127.0.0.1 at 2018-07-09 15:12:08 -0700
Processing by UsersController#index as */*
No template found for UsersController#index, rendering head :no_content
Completed 204 No Content in 85ms


Started GET "/users" for 127.0.0.1 at 2018-07-09 15:12:38 -0700
Processing by UsersController#index as */*
No template found for UsersController#index, rendering head :no_content
Completed 204 No Content in 101ms


Started GET "/users" for 127.0.0.1 at 2018-07-09 15:13:33 -0700
Processing by UsersController#index as HTML
Completed 406 Not Acceptable in 67ms


  
ActionController::UnknownFormat (UsersController#index is missing a template for this request format and variant.

request.formats: ["text/html"]
request.variant: []

NOTE! For XHR/Ajax or API requests, this action would normally respond with 204 No Content: an empty white screen. Since you're loading it in a web browser, we assume that you expected to actually render a template, not nothing, so we're showing an error to be extra-clear. If you expect 204 No Content, carry on. That's what you'll get from an XHR or API request. Give it a shot.):
  
actionpack (5.1.6) lib/action_controller/metal/implicit_render.rb:53:in `default_render'
actionpack (5.1.6) lib/action_controller/metal/basic_implicit_render.rb:4:in `block in send_action'
actionpack (5.1.6) lib/action_controller/metal/basic_implicit_render.rb:4:in `tap'
actionpack (5.1.6) lib/action_controller/metal/basic_implicit_render.rb:4:in `send_action'
actionpack (5.1.6) lib/abstract_controller/base.rb:186:in `process_action'
actionpack (5.1.6) lib/action_controller/metal/rendering.rb:30:in `process_action'
actionpack (5.1.6) lib/abstract_controller/callbacks.rb:20:in `block in process_action'
activesupport (5.1.6) lib/active_support/callbacks.rb:131:in `run_callbacks'
actionpack (5.1.6) lib/abstract_controller/callbacks.rb:19:in `process_action'
actionpack (5.1.6) lib/action_controller/metal/rescue.rb:20:in `process_action'
actionpack (5.1.6) lib/action_controller/metal/instrumentation.rb:32:in `block in process_action'
activesupport (5.1.6) lib/active_support/notifications.rb:166:in `block in instrument'
activesupport (5.1.6) lib/active_support/notifications/instrumenter.rb:21:in `instrument'
activesupport (5.1.6) lib/active_support/notifications.rb:166:in `instrument'
actionpack (5.1.6) lib/action_controller/metal/instrumentation.rb:30:in `process_action'
actionpack (5.1.6) lib/action_controller/metal/params_wrapper.rb:252:in `process_action'
activerecord (5.1.6) lib/active_record/railties/controller_runtime.rb:22:in `process_action'
actionpack (5.1.6) lib/abstract_controller/base.rb:124:in `process'
actionview (5.1.6) lib/action_view/rendering.rb:30:in `process'
actionpack (5.1.6) lib/action_controller/metal.rb:189:in `dispatch'
actionpack (5.1.6) lib/action_controller/metal.rb:253:in `dispatch'
actionpack (5.1.6) lib/action_dispatch/routing/route_set.rb:49:in `dispatch'
actionpack (5.1.6) lib/action_dispatch/routing/route_set.rb:31:in `serve'
actionpack (5.1.6) lib/action_dispatch/journey/router.rb:50:in `block in serve'
actionpack (5.1.6) lib/action_dispatch/journey/router.rb:33:in `each'
actionpack (5.1.6) lib/action_dispatch/journey/router.rb:33:in `serve'
actionpack (5.1.6) lib/action_dispatch/routing/route_set.rb:844:in `call'
rack (2.0.5) lib/rack/etag.rb:25:in `call'
rack (2.0.5) lib/rack/conditional_get.rb:25:in `call'
rack (2.0.5) lib/rack/head.rb:12:in `call'
rack (2.0.5) lib/rack/session/abstract/id.rb:232:in `context'
rack (2.0.5) lib/rack/session/abstract/id.rb:226:in `call'
actionpack (5.1.6) lib/action_dispatch/middleware/cookies.rb:613:in `call'
activerecord (5.1.6) lib/active_record/migration.rb:556:in `call'
actionpack (5.1.6) lib/action_dispatch/middleware/callbacks.rb:26:in `block in call'
activesupport (5.1.6) lib/active_support/callbacks.rb:97:in `run_callbacks'
actionpack (5.1.6) lib/action_dispatch/middleware/callbacks.rb:24:in `call'
actionpack (5.1.6) lib/action_dispatch/middleware/executor.rb:12:in `call'
actionpack (5.1.6) lib/action_dispatch/middleware/debug_exceptions.rb:59:in `call'
web-console (3.6.2) lib/web_console/middleware.rb:135:in `call_app'
web-console (3.6.2) lib/web_console/middleware.rb:30:in `block in call'
web-console (3.6.2) lib/web_console/middleware.rb:20:in `catch'
web-console (3.6.2) lib/web_console/middleware.rb:20:in `call'
actionpack (5.1.6) lib/action_dispatch/middleware/show_exceptions.rb:31:in `call'
railties (5.1.6) lib/rails/rack/logger.rb:36:in `call_app'
railties (5.1.6) lib/rails/rack/logger.rb:24:in `block in call'
activesupport (5.1.6) lib/active_support/tagged_logging.rb:69:in `block in tagged'
activesupport (5.1.6) lib/active_support/tagged_logging.rb:26:in `tagged'
activesupport (5.1.6) lib/active_support/tagged_logging.rb:69:in `tagged'
railties (5.1.6) lib/rails/rack/logger.rb:24:in `call'
sprockets-rails (3.2.1) lib/sprockets/rails/quiet_assets.rb:13:in `call'
actionpack (5.1.6) lib/action_dispatch/middleware/remote_ip.rb:79:in `call'
actionpack (5.1.6) lib/action_dispatch/middleware/request_id.rb:25:in `call'
rack (2.0.5) lib/rack/method_override.rb:22:in `call'
rack (2.0.5) lib/rack/runtime.rb:22:in `call'
activesupport (5.1.6) lib/active_support/cache/strategy/local_cache_middleware.rb:27:in `call'
actionpack (5.1.6) lib/action_dispatch/middleware/executor.rb:12:in `call'
actionpack (5.1.6) lib/action_dispatch/middleware/static.rb:125:in `call'
rack (2.0.5) lib/rack/sendfile.rb:111:in `call'
railties (5.1.6) lib/rails/engine.rb:522:in `call'
puma (3.11.4) lib/puma/configuration.rb:225:in `call'
puma (3.11.4) lib/puma/server.rb:632:in `handle_request'
puma (3.11.4) lib/puma/server.rb:446:in `process_client'
puma (3.11.4) lib/puma/server.rb:306:in `block in run'
puma (3.11.4) lib/puma/thread_pool.rb:120:in `block in spawn_thread'
Started GET "/users" for 127.0.0.1 at 2018-07-09 15:15:13 -0700
Processing by UsersController#index as */*
  Rendering text template
  Rendered text template (0.0ms)
Completed 200 OK in 35ms (Views: 35.0ms)


Started GET "/users?fav_food=pizza&admin=true" for 127.0.0.1 at 2018-07-09 15:18:23 -0700
Processing by UsersController#index as */*
  Parameters: {"fav_food"=>"pizza", "admin"=>"true"}
  Rendering text template
  Rendered text template (0.1ms)
Completed 200 OK in 2ms (Views: 1.3ms)


Started POST "/users" for 127.0.0.1 at 2018-07-09 15:20:26 -0700
  
AbstractController::ActionNotFound (The action 'create' could not be found for UsersController):
  
actionpack (5.1.6) lib/abstract_controller/base.rb:119:in `process'
actionview (5.1.6) lib/action_view/rendering.rb:30:in `process'
actionpack (5.1.6) lib/action_controller/metal.rb:189:in `dispatch'
actionpack (5.1.6) lib/action_controller/metal.rb:253:in `dispatch'
actionpack (5.1.6) lib/action_dispatch/routing/route_set.rb:49:in `dispatch'
actionpack (5.1.6) lib/action_dispatch/routing/route_set.rb:31:in `serve'
actionpack (5.1.6) lib/action_dispatch/journey/router.rb:50:in `block in serve'
actionpack (5.1.6) lib/action_dispatch/journey/router.rb:33:in `each'
actionpack (5.1.6) lib/action_dispatch/journey/router.rb:33:in `serve'
actionpack (5.1.6) lib/action_dispatch/routing/route_set.rb:844:in `call'
rack (2.0.5) lib/rack/etag.rb:25:in `call'
rack (2.0.5) lib/rack/conditional_get.rb:38:in `call'
rack (2.0.5) lib/rack/head.rb:12:in `call'
rack (2.0.5) lib/rack/session/abstract/id.rb:232:in `context'
rack (2.0.5) lib/rack/session/abstract/id.rb:226:in `call'
actionpack (5.1.6) lib/action_dispatch/middleware/cookies.rb:613:in `call'
activerecord (5.1.6) lib/active_record/migration.rb:556:in `call'
actionpack (5.1.6) lib/action_dispatch/middleware/callbacks.rb:26:in `block in call'
activesupport (5.1.6) lib/active_support/callbacks.rb:97:in `run_callbacks'
actionpack (5.1.6) lib/action_dispatch/middleware/callbacks.rb:24:in `call'
actionpack (5.1.6) lib/action_dispatch/middleware/executor.rb:12:in `call'
actionpack (5.1.6) lib/action_dispatch/middleware/debug_exceptions.rb:59:in `call'
web-console (3.6.2) lib/web_console/middleware.rb:135:in `call_app'
web-console (3.6.2) lib/web_console/middleware.rb:30:in `block in call'
web-console (3.6.2) lib/web_console/middleware.rb:20:in `catch'
web-console (3.6.2) lib/web_console/middleware.rb:20:in `call'
actionpack (5.1.6) lib/action_dispatch/middleware/show_exceptions.rb:31:in `call'
railties (5.1.6) lib/rails/rack/logger.rb:36:in `call_app'
railties (5.1.6) lib/rails/rack/logger.rb:24:in `block in call'
activesupport (5.1.6) lib/active_support/tagged_logging.rb:69:in `block in tagged'
activesupport (5.1.6) lib/active_support/tagged_logging.rb:26:in `tagged'
activesupport (5.1.6) lib/active_support/tagged_logging.rb:69:in `tagged'
railties (5.1.6) lib/rails/rack/logger.rb:24:in `call'
sprockets-rails (3.2.1) lib/sprockets/rails/quiet_assets.rb:13:in `call'
actionpack (5.1.6) lib/action_dispatch/middleware/remote_ip.rb:79:in `call'
actionpack (5.1.6) lib/action_dispatch/middleware/request_id.rb:25:in `call'
rack (2.0.5) lib/rack/method_override.rb:22:in `call'
rack (2.0.5) lib/rack/runtime.rb:22:in `call'
activesupport (5.1.6) lib/active_support/cache/strategy/local_cache_middleware.rb:27:in `call'
actionpack (5.1.6) lib/action_dispatch/middleware/executor.rb:12:in `call'
actionpack (5.1.6) lib/action_dispatch/middleware/static.rb:125:in `call'
rack (2.0.5) lib/rack/sendfile.rb:111:in `call'
railties (5.1.6) lib/rails/engine.rb:522:in `call'
puma (3.11.4) lib/puma/configuration.rb:225:in `call'
puma (3.11.4) lib/puma/server.rb:632:in `handle_request'
puma (3.11.4) lib/puma/server.rb:446:in `process_client'
puma (3.11.4) lib/puma/server.rb:306:in `block in run'
puma (3.11.4) lib/puma/thread_pool.rb:120:in `block in spawn_thread'
Started POST "/users" for 127.0.0.1 at 2018-07-09 15:21:07 -0700
Processing by UsersController#create as */*
  Parameters: {"fav_food"=>"sushi"}
Completed 200 OK in 1ms (Views: 0.3ms)


Started GET "/users?fav_food=pizza" for 127.0.0.1 at 2018-07-09 15:22:48 -0700
Processing by UsersController#index as */*
  Parameters: {"fav_food"=>"pizza"}
  Rendering text template
  Rendered text template (0.0ms)
Completed 200 OK in 3ms (Views: 2.1ms)


Started GET "/users" for 127.0.0.1 at 2018-07-09 15:22:51 -0700
Processing by UsersController#index as */*
  Rendering text template
  Rendered text template (0.1ms)
Completed 200 OK in 1ms (Views: 0.5ms)


Started GET "/users?admin=true" for 127.0.0.1 at 2018-07-09 15:22:53 -0700
Processing by UsersController#index as */*
  Parameters: {"admin"=>"true"}
  Rendering text template
  Rendered text template (0.0ms)
Completed 200 OK in 1ms (Views: 0.4ms)


Started POST "/users" for 127.0.0.1 at 2018-07-09 15:23:41 -0700
Processing by UsersController#create as */*
Completed 200 OK in 1ms (Views: 0.3ms)


Started POST "/users" for 127.0.0.1 at 2018-07-09 15:23:51 -0700
Processing by UsersController#create as */*
  Parameters: {"fav_food"=>"sushi"}
Completed 200 OK in 0ms (Views: 0.2ms)


Started GET "/users/2" for 127.0.0.1 at 2018-07-09 15:25:11 -0700
  
AbstractController::ActionNotFound (The action 'show' could not be found for UsersController):
  
actionpack (5.1.6) lib/abstract_controller/base.rb:119:in `process'
actionview (5.1.6) lib/action_view/rendering.rb:30:in `process'
actionpack (5.1.6) lib/action_controller/metal.rb:189:in `dispatch'
actionpack (5.1.6) lib/action_controller/metal.rb:253:in `dispatch'
actionpack (5.1.6) lib/action_dispatch/routing/route_set.rb:49:in `dispatch'
actionpack (5.1.6) lib/action_dispatch/routing/route_set.rb:31:in `serve'
actionpack (5.1.6) lib/action_dispatch/journey/router.rb:50:in `block in serve'
actionpack (5.1.6) lib/action_dispatch/journey/router.rb:33:in `each'
actionpack (5.1.6) lib/action_dispatch/journey/router.rb:33:in `serve'
actionpack (5.1.6) lib/action_dispatch/routing/route_set.rb:844:in `call'
rack (2.0.5) lib/rack/etag.rb:25:in `call'
rack (2.0.5) lib/rack/conditional_get.rb:25:in `call'
rack (2.0.5) lib/rack/head.rb:12:in `call'
rack (2.0.5) lib/rack/session/abstract/id.rb:232:in `context'
rack (2.0.5) lib/rack/session/abstract/id.rb:226:in `call'
actionpack (5.1.6) lib/action_dispatch/middleware/cookies.rb:613:in `call'
activerecord (5.1.6) lib/active_record/migration.rb:556:in `call'
actionpack (5.1.6) lib/action_dispatch/middleware/callbacks.rb:26:in `block in call'
activesupport (5.1.6) lib/active_support/callbacks.rb:97:in `run_callbacks'
actionpack (5.1.6) lib/action_dispatch/middleware/callbacks.rb:24:in `call'
actionpack (5.1.6) lib/action_dispatch/middleware/executor.rb:12:in `call'
actionpack (5.1.6) lib/action_dispatch/middleware/debug_exceptions.rb:59:in `call'
web-console (3.6.2) lib/web_console/middleware.rb:135:in `call_app'
web-console (3.6.2) lib/web_console/middleware.rb:30:in `block in call'
web-console (3.6.2) lib/web_console/middleware.rb:20:in `catch'
web-console (3.6.2) lib/web_console/middleware.rb:20:in `call'
actionpack (5.1.6) lib/action_dispatch/middleware/show_exceptions.rb:31:in `call'
railties (5.1.6) lib/rails/rack/logger.rb:36:in `call_app'
railties (5.1.6) lib/rails/rack/logger.rb:24:in `block in call'
activesupport (5.1.6) lib/active_support/tagged_logging.rb:69:in `block in tagged'
activesupport (5.1.6) lib/active_support/tagged_logging.rb:26:in `tagged'
activesupport (5.1.6) lib/active_support/tagged_logging.rb:69:in `tagged'
railties (5.1.6) lib/rails/rack/logger.rb:24:in `call'
sprockets-rails (3.2.1) lib/sprockets/rails/quiet_assets.rb:13:in `call'
actionpack (5.1.6) lib/action_dispatch/middleware/remote_ip.rb:79:in `call'
actionpack (5.1.6) lib/action_dispatch/middleware/request_id.rb:25:in `call'
rack (2.0.5) lib/rack/method_override.rb:22:in `call'
rack (2.0.5) lib/rack/runtime.rb:22:in `call'
activesupport (5.1.6) lib/active_support/cache/strategy/local_cache_middleware.rb:27:in `call'
actionpack (5.1.6) lib/action_dispatch/middleware/executor.rb:12:in `call'
actionpack (5.1.6) lib/action_dispatch/middleware/static.rb:125:in `call'
rack (2.0.5) lib/rack/sendfile.rb:111:in `call'
railties (5.1.6) lib/rails/engine.rb:522:in `call'
puma (3.11.4) lib/puma/configuration.rb:225:in `call'
puma (3.11.4) lib/puma/server.rb:632:in `handle_request'
puma (3.11.4) lib/puma/server.rb:446:in `process_client'
puma (3.11.4) lib/puma/server.rb:306:in `block in run'
puma (3.11.4) lib/puma/thread_pool.rb:120:in `block in spawn_thread'
Started GET "/users/2" for 127.0.0.1 at 2018-07-09 15:25:53 -0700
Processing by UsersController#show as */*
  Parameters: {"id"=>"2"}
Completed 200 OK in 1ms (Views: 0.2ms)


Started GET "/users/2" for 127.0.0.1 at 2018-07-09 15:26:14 -0700
Processing by UsersController#show as */*
  Parameters: {"id"=>"2"}
Completed 200 OK in 1ms (Views: 0.2ms)


Started GET "/users/2?fav_food[food]=pizza" for 127.0.0.1 at 2018-07-09 15:28:24 -0700
Processing by UsersController#show as */*
  Parameters: {"fav_food"=>{"food"=>"pizza"}, "id"=>"2"}
Completed 200 OK in 1ms (Views: 0.3ms)


Started POST "/users/2?fav_food[food]=pizza" for 127.0.0.1 at 2018-07-09 15:30:00 -0700
  
ActionController::RoutingError (No route matches [POST] "/users/2"):
  
actionpack (5.1.6) lib/action_dispatch/middleware/debug_exceptions.rb:63:in `call'
web-console (3.6.2) lib/web_console/middleware.rb:135:in `call_app'
web-console (3.6.2) lib/web_console/middleware.rb:30:in `block in call'
web-console (3.6.2) lib/web_console/middleware.rb:20:in `catch'
web-console (3.6.2) lib/web_console/middleware.rb:20:in `call'
actionpack (5.1.6) lib/action_dispatch/middleware/show_exceptions.rb:31:in `call'
railties (5.1.6) lib/rails/rack/logger.rb:36:in `call_app'
railties (5.1.6) lib/rails/rack/logger.rb:24:in `block in call'
activesupport (5.1.6) lib/active_support/tagged_logging.rb:69:in `block in tagged'
activesupport (5.1.6) lib/active_support/tagged_logging.rb:26:in `tagged'
activesupport (5.1.6) lib/active_support/tagged_logging.rb:69:in `tagged'
railties (5.1.6) lib/rails/rack/logger.rb:24:in `call'
sprockets-rails (3.2.1) lib/sprockets/rails/quiet_assets.rb:13:in `call'
actionpack (5.1.6) lib/action_dispatch/middleware/remote_ip.rb:79:in `call'
actionpack (5.1.6) lib/action_dispatch/middleware/request_id.rb:25:in `call'
rack (2.0.5) lib/rack/method_override.rb:22:in `call'
rack (2.0.5) lib/rack/runtime.rb:22:in `call'
activesupport (5.1.6) lib/active_support/cache/strategy/local_cache_middleware.rb:27:in `call'
actionpack (5.1.6) lib/action_dispatch/middleware/executor.rb:12:in `call'
actionpack (5.1.6) lib/action_dispatch/middleware/static.rb:125:in `call'
rack (2.0.5) lib/rack/sendfile.rb:111:in `call'
railties (5.1.6) lib/rails/engine.rb:522:in `call'
puma (3.11.4) lib/puma/configuration.rb:225:in `call'
puma (3.11.4) lib/puma/server.rb:632:in `handle_request'
puma (3.11.4) lib/puma/server.rb:446:in `process_client'
puma (3.11.4) lib/puma/server.rb:306:in `block in run'
puma (3.11.4) lib/puma/thread_pool.rb:120:in `block in spawn_thread'
Started POST "/users" for 127.0.0.1 at 2018-07-09 15:30:35 -0700
Processing by UsersController#create as */*
  Parameters: {"fav_places"=>{"place"=>"New Jersey"}, "user"=>{"age"=>""}}
Completed 200 OK in 1ms (Views: 0.4ms)


  [1m[35m (364.7ms)[0m  [1m[35mCREATE TABLE "schema_migrations" ("version" character varying NOT NULL PRIMARY KEY)[0m
  [1m[35m (24.0ms)[0m  [1m[35mCREATE TABLE "ar_internal_metadata" ("key" character varying NOT NULL PRIMARY KEY, "value" character varying, "created_at" timestamp NOT NULL, "updated_at" timestamp NOT NULL)[0m
  [1m[35m (25.1ms)[0m  [1m[34mSELECT pg_try_advisory_lock(7974280239715595190)[0m
  [1m[35m (1.0ms)[0m  [1m[34mSELECT "schema_migrations"."version" FROM "schema_migrations" ORDER BY "schema_migrations"."version" ASC[0m
Migrating to CreateUsersTable (20180709223256)
  [1m[35m (0.3ms)[0m  [1m[35mBEGIN[0m
  [1m[35m (67.3ms)[0m  [1m[35mCREATE TABLE "users" ("id" bigserial primary key, "name" character varying NOT NULL, "email" character varying NOT NULL, "created_at" timestamp NOT NULL, "updated_at" timestamp NOT NULL)[0m
  [1m[35mSQL (0.7ms)[0m  [1m[32mINSERT INTO "schema_migrations" ("version") VALUES ($1) RETURNING "version"[0m  [["version", "20180709223256"]]
  [1m[35m (0.8ms)[0m  [1m[35mCOMMIT[0m
  [1m[36mActiveRecord::InternalMetadata Load (0.6ms)[0m  [1m[34mSELECT  "ar_internal_metadata".* FROM "ar_internal_metadata" WHERE "ar_internal_metadata"."key" = $1 LIMIT $2[0m  [["key", "environment"], ["LIMIT", 1]]
  [1m[35m (0.2ms)[0m  [1m[35mBEGIN[0m
  [1m[35mSQL (0.6ms)[0m  [1m[32mINSERT INTO "ar_internal_metadata" ("key", "value", "created_at", "updated_at") VALUES ($1, $2, $3, $4) RETURNING "key"[0m  [["key", "environment"], ["value", "development"], ["created_at", "2018-07-09 22:34:57.954096"], ["updated_at", "2018-07-09 22:34:57.954096"]]
  [1m[35m (0.6ms)[0m  [1m[35mCOMMIT[0m
  [1m[35m (0.4ms)[0m  [1m[34mSELECT pg_advisory_unlock(7974280239715595190)[0m
  [1m[35m (0.7ms)[0m  [1m[34mSELECT "schema_migrations"."version" FROM "schema_migrations" ORDER BY "schema_migrations"."version" ASC[0m
  [1m[36mUser Load (1.1ms)[0m  [1m[34mSELECT "users".* FROM "users"[0m
  [1m[35m (0.2ms)[0m  [1m[35mBEGIN[0m
  [1m[35mSQL (33.9ms)[0m  [1m[32mINSERT INTO "users" ("name", "email", "created_at", "updated_at") VALUES ($1, $2, $3, $4) RETURNING "id"[0m  [["name", "mark"], ["email", "mark.mark.com"], ["created_at", "2018-07-09 22:39:28.692363"], ["updated_at", "2018-07-09 22:39:28.692363"]]
  [1m[35m (9.8ms)[0m  [1m[35mCOMMIT[0m
  [1m[36mUser Load (0.5ms)[0m  [1m[34mSELECT "users".* FROM "users"[0m
  [1m[35m (0.2ms)[0m  [1m[35mBEGIN[0m
  [1m[35mSQL (0.7ms)[0m  [1m[32mINSERT INTO "users" ("name", "email", "created_at", "updated_at") VALUES ($1, $2, $3, $4) RETURNING "id"[0m  [["name", "Jason"], ["email", "jason.jason.com"], ["created_at", "2018-07-09 22:40:20.097773"], ["updated_at", "2018-07-09 22:40:20.097773"]]
  [1m[35m (0.7ms)[0m  [1m[35mCOMMIT[0m
  [1m[36mUser Load (0.5ms)[0m  [1m[34mSELECT "users".* FROM "users"[0m
Started GET "/users" for 127.0.0.1 at 2018-07-09 15:42:49 -0700
  [1m[35m (34.3ms)[0m  [1m[34mSELECT "schema_migrations"."version" FROM "schema_migrations" ORDER BY "schema_migrations"."version" ASC[0m
Processing by UsersController#index as */*
  [1m[36mUser Load (0.7ms)[0m  [1m[34mSELECT "users".* FROM "users"[0m
Completed 200 OK in 51ms (Views: 22.5ms | ActiveRecord: 7.0ms)


Started GET "/users" for 127.0.0.1 at 2018-07-09 15:43:02 -0700
Processing by UsersController#index as HTML
  [1m[36mUser Load (0.4ms)[0m  [1m[34mSELECT "users".* FROM "users"[0m
Completed 200 OK in 2ms (Views: 1.7ms | ActiveRecord: 0.4ms)


Started GET "/users" for 127.0.0.1 at 2018-07-09 15:44:10 -0700
Processing by UsersController#index as HTML
  [1m[36mUser Load (0.7ms)[0m  [1m[34mSELECT "users".* FROM "users"[0m
Completed 200 OK in 4ms (Views: 3.2ms | ActiveRecord: 0.7ms)


Started GET "/users?id=1" for 127.0.0.1 at 2018-07-09 16:06:40 -0700
Processing by UsersController#index as */*
  Parameters: {"id"=>"1"}
  [1m[36mUser Load (0.6ms)[0m  [1m[34mSELECT "users".* FROM "users"[0m
Completed 200 OK in 6ms (Views: 4.4ms | ActiveRecord: 0.6ms)


Started GET "/users" for 127.0.0.1 at 2018-07-09 16:06:53 -0700
Processing by UsersController#index as HTML
  [1m[36mUser Load (0.7ms)[0m  [1m[34mSELECT "users".* FROM "users"[0m
Completed 200 OK in 4ms (Views: 2.8ms | ActiveRecord: 0.7ms)


Started GET "/users/1" for 127.0.0.1 at 2018-07-09 16:07:03 -0700
Processing by UsersController#show as */*
  Parameters: {"id"=>"1"}
Completed 200 OK in 2ms (Views: 0.4ms | ActiveRecord: 0.0ms)


Started GET "/users" for 127.0.0.1 at 2018-07-09 16:07:15 -0700
Processing by UsersController#index as */*
  [1m[36mUser Load (0.4ms)[0m  [1m[34mSELECT "users".* FROM "users"[0m
Completed 200 OK in 3ms (Views: 2.6ms | ActiveRecord: 0.4ms)


Started GET "/users" for 127.0.0.1 at 2018-07-09 16:07:29 -0700
Processing by UsersController#index as */*
  [1m[36mUser Load (0.4ms)[0m  [1m[34mSELECT "users".* FROM "users"[0m
Completed 200 OK in 3ms (Views: 2.0ms | ActiveRecord: 0.4ms)


Started GET "/users" for 127.0.0.1 at 2018-07-09 16:09:05 -0700
Processing by UsersController#index as */*
  [1m[36mUser Load (0.5ms)[0m  [1m[34mSELECT "users".* FROM "users"[0m
Completed 200 OK in 47ms (Views: 20.7ms | ActiveRecord: 8.3ms)


Started GET "/users/1" for 127.0.0.1 at 2018-07-09 16:09:16 -0700
Processing by UsersController#show as */*
  Parameters: {"id"=>"1"}
Completed 200 OK in 1ms (Views: 0.2ms | ActiveRecord: 0.0ms)


Started GET "/user/1" for 127.0.0.1 at 2018-07-09 16:10:37 -0700
  
ActionController::RoutingError (No route matches [GET] "/user/1"):
  
actionpack (5.1.6) lib/action_dispatch/middleware/debug_exceptions.rb:63:in `call'
web-console (3.6.2) lib/web_console/middleware.rb:135:in `call_app'
web-console (3.6.2) lib/web_console/middleware.rb:30:in `block in call'
web-console (3.6.2) lib/web_console/middleware.rb:20:in `catch'
web-console (3.6.2) lib/web_console/middleware.rb:20:in `call'
actionpack (5.1.6) lib/action_dispatch/middleware/show_exceptions.rb:31:in `call'
railties (5.1.6) lib/rails/rack/logger.rb:36:in `call_app'
railties (5.1.6) lib/rails/rack/logger.rb:24:in `block in call'
activesupport (5.1.6) lib/active_support/tagged_logging.rb:69:in `block in tagged'
activesupport (5.1.6) lib/active_support/tagged_logging.rb:26:in `tagged'
activesupport (5.1.6) lib/active_support/tagged_logging.rb:69:in `tagged'
railties (5.1.6) lib/rails/rack/logger.rb:24:in `call'
sprockets-rails (3.2.1) lib/sprockets/rails/quiet_assets.rb:13:in `call'
actionpack (5.1.6) lib/action_dispatch/middleware/remote_ip.rb:79:in `call'
actionpack (5.1.6) lib/action_dispatch/middleware/request_id.rb:25:in `call'
rack (2.0.5) lib/rack/method_override.rb:22:in `call'
rack (2.0.5) lib/rack/runtime.rb:22:in `call'
activesupport (5.1.6) lib/active_support/cache/strategy/local_cache_middleware.rb:27:in `call'
actionpack (5.1.6) lib/action_dispatch/middleware/executor.rb:12:in `call'
actionpack (5.1.6) lib/action_dispatch/middleware/static.rb:125:in `call'
rack (2.0.5) lib/rack/sendfile.rb:111:in `call'
railties (5.1.6) lib/rails/engine.rb:522:in `call'
puma (3.11.4) lib/puma/configuration.rb:225:in `call'
puma (3.11.4) lib/puma/server.rb:632:in `handle_request'
puma (3.11.4) lib/puma/server.rb:446:in `process_client'
puma (3.11.4) lib/puma/server.rb:306:in `block in run'
puma (3.11.4) lib/puma/thread_pool.rb:120:in `block in spawn_thread'
Started GET "/user/" for 127.0.0.1 at 2018-07-09 16:10:53 -0700
  
ActionController::RoutingError (No route matches [GET] "/user"):
  
actionpack (5.1.6) lib/action_dispatch/middleware/debug_exceptions.rb:63:in `call'
web-console (3.6.2) lib/web_console/middleware.rb:135:in `call_app'
web-console (3.6.2) lib/web_console/middleware.rb:30:in `block in call'
web-console (3.6.2) lib/web_console/middleware.rb:20:in `catch'
web-console (3.6.2) lib/web_console/middleware.rb:20:in `call'
actionpack (5.1.6) lib/action_dispatch/middleware/show_exceptions.rb:31:in `call'
railties (5.1.6) lib/rails/rack/logger.rb:36:in `call_app'
railties (5.1.6) lib/rails/rack/logger.rb:24:in `block in call'
activesupport (5.1.6) lib/active_support/tagged_logging.rb:69:in `block in tagged'
activesupport (5.1.6) lib/active_support/tagged_logging.rb:26:in `tagged'
activesupport (5.1.6) lib/active_support/tagged_logging.rb:69:in `tagged'
railties (5.1.6) lib/rails/rack/logger.rb:24:in `call'
sprockets-rails (3.2.1) lib/sprockets/rails/quiet_assets.rb:13:in `call'
actionpack (5.1.6) lib/action_dispatch/middleware/remote_ip.rb:79:in `call'
actionpack (5.1.6) lib/action_dispatch/middleware/request_id.rb:25:in `call'
rack (2.0.5) lib/rack/method_override.rb:22:in `call'
rack (2.0.5) lib/rack/runtime.rb:22:in `call'
activesupport (5.1.6) lib/active_support/cache/strategy/local_cache_middleware.rb:27:in `call'
actionpack (5.1.6) lib/action_dispatch/middleware/executor.rb:12:in `call'
actionpack (5.1.6) lib/action_dispatch/middleware/static.rb:125:in `call'
rack (2.0.5) lib/rack/sendfile.rb:111:in `call'
railties (5.1.6) lib/rails/engine.rb:522:in `call'
puma (3.11.4) lib/puma/configuration.rb:225:in `call'
puma (3.11.4) lib/puma/server.rb:632:in `handle_request'
puma (3.11.4) lib/puma/server.rb:446:in `process_client'
puma (3.11.4) lib/puma/server.rb:306:in `block in run'
puma (3.11.4) lib/puma/thread_pool.rb:120:in `block in spawn_thread'
Started GET "/user" for 127.0.0.1 at 2018-07-09 16:10:59 -0700
  
ActionController::RoutingError (No route matches [GET] "/user"):
  
actionpack (5.1.6) lib/action_dispatch/middleware/debug_exceptions.rb:63:in `call'
web-console (3.6.2) lib/web_console/middleware.rb:135:in `call_app'
web-console (3.6.2) lib/web_console/middleware.rb:30:in `block in call'
web-console (3.6.2) lib/web_console/middleware.rb:20:in `catch'
web-console (3.6.2) lib/web_console/middleware.rb:20:in `call'
actionpack (5.1.6) lib/action_dispatch/middleware/show_exceptions.rb:31:in `call'
railties (5.1.6) lib/rails/rack/logger.rb:36:in `call_app'
railties (5.1.6) lib/rails/rack/logger.rb:24:in `block in call'
activesupport (5.1.6) lib/active_support/tagged_logging.rb:69:in `block in tagged'
activesupport (5.1.6) lib/active_support/tagged_logging.rb:26:in `tagged'
activesupport (5.1.6) lib/active_support/tagged_logging.rb:69:in `tagged'
railties (5.1.6) lib/rails/rack/logger.rb:24:in `call'
sprockets-rails (3.2.1) lib/sprockets/rails/quiet_assets.rb:13:in `call'
actionpack (5.1.6) lib/action_dispatch/middleware/remote_ip.rb:79:in `call'
actionpack (5.1.6) lib/action_dispatch/middleware/request_id.rb:25:in `call'
rack (2.0.5) lib/rack/method_override.rb:22:in `call'
rack (2.0.5) lib/rack/runtime.rb:22:in `call'
activesupport (5.1.6) lib/active_support/cache/strategy/local_cache_middleware.rb:27:in `call'
actionpack (5.1.6) lib/action_dispatch/middleware/executor.rb:12:in `call'
actionpack (5.1.6) lib/action_dispatch/middleware/static.rb:125:in `call'
rack (2.0.5) lib/rack/sendfile.rb:111:in `call'
railties (5.1.6) lib/rails/engine.rb:522:in `call'
puma (3.11.4) lib/puma/configuration.rb:225:in `call'
puma (3.11.4) lib/puma/server.rb:632:in `handle_request'
puma (3.11.4) lib/puma/server.rb:446:in `process_client'
puma (3.11.4) lib/puma/server.rb:306:in `block in run'
puma (3.11.4) lib/puma/thread_pool.rb:120:in `block in spawn_thread'
Started GET "/user/1" for 127.0.0.1 at 2018-07-09 16:12:02 -0700
  
ActionController::RoutingError (No route matches [GET] "/user/1"):
  
actionpack (5.1.6) lib/action_dispatch/middleware/debug_exceptions.rb:63:in `call'
web-console (3.6.2) lib/web_console/middleware.rb:135:in `call_app'
web-console (3.6.2) lib/web_console/middleware.rb:30:in `block in call'
web-console (3.6.2) lib/web_console/middleware.rb:20:in `catch'
web-console (3.6.2) lib/web_console/middleware.rb:20:in `call'
actionpack (5.1.6) lib/action_dispatch/middleware/show_exceptions.rb:31:in `call'
railties (5.1.6) lib/rails/rack/logger.rb:36:in `call_app'
railties (5.1.6) lib/rails/rack/logger.rb:24:in `block in call'
activesupport (5.1.6) lib/active_support/tagged_logging.rb:69:in `block in tagged'
activesupport (5.1.6) lib/active_support/tagged_logging.rb:26:in `tagged'
activesupport (5.1.6) lib/active_support/tagged_logging.rb:69:in `tagged'
railties (5.1.6) lib/rails/rack/logger.rb:24:in `call'
sprockets-rails (3.2.1) lib/sprockets/rails/quiet_assets.rb:13:in `call'
actionpack (5.1.6) lib/action_dispatch/middleware/remote_ip.rb:79:in `call'
actionpack (5.1.6) lib/action_dispatch/middleware/request_id.rb:25:in `call'
rack (2.0.5) lib/rack/method_override.rb:22:in `call'
rack (2.0.5) lib/rack/runtime.rb:22:in `call'
activesupport (5.1.6) lib/active_support/cache/strategy/local_cache_middleware.rb:27:in `call'
actionpack (5.1.6) lib/action_dispatch/middleware/executor.rb:12:in `call'
actionpack (5.1.6) lib/action_dispatch/middleware/static.rb:125:in `call'
rack (2.0.5) lib/rack/sendfile.rb:111:in `call'
railties (5.1.6) lib/rails/engine.rb:522:in `call'
puma (3.11.4) lib/puma/configuration.rb:225:in `call'
puma (3.11.4) lib/puma/server.rb:632:in `handle_request'
puma (3.11.4) lib/puma/server.rb:446:in `process_client'
puma (3.11.4) lib/puma/server.rb:306:in `block in run'
puma (3.11.4) lib/puma/thread_pool.rb:120:in `block in spawn_thread'
Started GET "/users/name" for 127.0.0.1 at 2018-07-09 16:12:28 -0700
Processing by UsersController#show as */*
  Parameters: {"id"=>"name"}
Completed 200 OK in 1ms (Views: 0.1ms | ActiveRecord: 0.0ms)


Started GET "/users/name=mark" for 127.0.0.1 at 2018-07-09 16:13:19 -0700
Processing by UsersController#show as */*
  Parameters: {"id"=>"name=mark"}
Completed 200 OK in 1ms (Views: 0.2ms | ActiveRecord: 0.0ms)


Started GET "/users/1" for 127.0.0.1 at 2018-07-09 16:13:37 -0700
Processing by UsersController#show as */*
  Parameters: {"id"=>"1"}
Completed 200 OK in 0ms (Views: 0.1ms | ActiveRecord: 0.0ms)


Started GET "/users/1" for 127.0.0.1 at 2018-07-09 16:14:09 -0700
Processing by UsersController#show as */*
  Parameters: {"id"=>"1"}
Completed 200 OK in 1ms (Views: 0.2ms | ActiveRecord: 0.0ms)


Started GET "/users/1" for 127.0.0.1 at 2018-07-09 16:15:02 -0700
Processing by UsersController#show as */*
  Parameters: {"id"=>"1"}
  [1m[36mUser Load (0.4ms)[0m  [1m[34mSELECT  "users".* FROM "users" WHERE "users"."id" = $1 LIMIT $2[0m  [["id", 1], ["LIMIT", 1]]
Completed 200 OK in 107ms (Views: 0.5ms | ActiveRecord: 7.9ms)


Started GET "/users/?id=1" for 127.0.0.1 at 2018-07-09 16:15:48 -0700
Processing by UsersController#index as */*
  Parameters: {"id"=>"1"}
  [1m[36mUser Load (0.4ms)[0m  [1m[34mSELECT "users".* FROM "users"[0m
Completed 200 OK in 3ms (Views: 2.3ms | ActiveRecord: 0.4ms)


Started GET "/users/1" for 127.0.0.1 at 2018-07-09 16:16:21 -0700
Processing by UsersController#show as */*
  Parameters: {"id"=>"1"}
  [1m[36mUser Load (0.5ms)[0m  [1m[34mSELECT  "users".* FROM "users" WHERE "users"."id" = $1 LIMIT $2[0m  [["id", 1], ["LIMIT", 1]]
Completed 200 OK in 3ms (Views: 0.5ms | ActiveRecord: 0.5ms)


Started GET "/users/1?id=1" for 127.0.0.1 at 2018-07-09 16:16:32 -0700
Processing by UsersController#show as */*
  Parameters: {"id"=>"1"}
  [1m[36mUser Load (0.5ms)[0m  [1m[34mSELECT  "users".* FROM "users" WHERE "users"."id" = $1 LIMIT $2[0m  [["id", 1], ["LIMIT", 1]]
Completed 200 OK in 4ms (Views: 0.6ms | ActiveRecord: 0.5ms)


Started GET "/users/?id=1" for 127.0.0.1 at 2018-07-09 16:16:40 -0700
Processing by UsersController#index as */*
  Parameters: {"id"=>"1"}
  [1m[36mUser Load (0.4ms)[0m  [1m[34mSELECT "users".* FROM "users"[0m
Completed 200 OK in 3ms (Views: 2.4ms | ActiveRecord: 0.4ms)


Started GET "/users/?id[id]=1" for 127.0.0.1 at 2018-07-09 16:16:58 -0700
Processing by UsersController#index as */*
  Parameters: {"id"=>{"id"=>"1"}}
  [1m[36mUser Load (0.4ms)[0m  [1m[34mSELECT "users".* FROM "users"[0m
Completed 200 OK in 3ms (Views: 1.8ms | ActiveRecord: 0.4ms)


Started GET "/users/?id=1" for 127.0.0.1 at 2018-07-09 16:17:09 -0700
Processing by UsersController#index as */*
  Parameters: {"id"=>"1"}
  [1m[36mUser Load (1.2ms)[0m  [1m[34mSELECT "users".* FROM "users"[0m
Completed 200 OK in 14ms (Views: 10.2ms | ActiveRecord: 1.2ms)


Started GET "/users/?name=mark" for 127.0.0.1 at 2018-07-09 16:17:15 -0700
Processing by UsersController#index as */*
  Parameters: {"name"=>"mark"}
  [1m[36mUser Load (0.3ms)[0m  [1m[34mSELECT "users".* FROM "users"[0m
Completed 200 OK in 2ms (Views: 1.6ms | ActiveRecord: 0.3ms)


Started GET "/users?name=mark" for 127.0.0.1 at 2018-07-09 16:17:24 -0700
Processing by UsersController#index as */*
  Parameters: {"name"=>"mark"}
  [1m[36mUser Load (0.5ms)[0m  [1m[34mSELECT "users".* FROM "users"[0m
Completed 200 OK in 3ms (Views: 1.9ms | ActiveRecord: 0.5ms)


Started GET "/users?id=1" for 127.0.0.1 at 2018-07-09 16:17:33 -0700
Processing by UsersController#index as */*
  Parameters: {"id"=>"1"}
  [1m[36mUser Load (4.6ms)[0m  [1m[34mSELECT "users".* FROM "users"[0m
Completed 200 OK in 9ms (Views: 3.5ms | ActiveRecord: 4.6ms)


Started POST "/users?name=peter&email=peter.peter.com" for 127.0.0.1 at 2018-07-09 16:19:31 -0700
Processing by UsersController#create as */*
  Parameters: {"fav_places"=>{"place"=>"New Jersey"}, "user"=>{"age"=>""}, "name"=>"peter", "email"=>"peter.peter.com"}
Unpermitted parameter: :age
  [1m[35m (0.3ms)[0m  [1m[35mBEGIN[0m
  [1m[35mSQL (9.7ms)[0m  [1m[32mINSERT INTO "users" ("created_at", "updated_at") VALUES ($1, $2) RETURNING "id"[0m  [["created_at", "2018-07-09 23:19:31.469451"], ["updated_at", "2018-07-09 23:19:31.469451"]]
  [1m[35m (0.2ms)[0m  [1m[31mROLLBACK[0m
Completed 500 Internal Server Error in 34ms (ActiveRecord: 16.5ms)


  
ActiveRecord::NotNullViolation (PG::NotNullViolation: ERROR:  null value in column "name" violates not-null constraint
DETAIL:  Failing row contains (3, null, null, 2018-07-09 23:19:31.469451, 2018-07-09 23:19:31.469451).
: INSERT INTO "users" ("created_at", "updated_at") VALUES ($1, $2) RETURNING "id"):
  
app/controllers/users_controller.rb:13:in `create'
Started POST "/users?name=peter&email=peter.peter.com" for 127.0.0.1 at 2018-07-09 16:20:02 -0700
Processing by UsersController#create as */*
  Parameters: {"name"=>"peter", "email"=>"peter.peter.com"}
Completed 400 Bad Request in 1ms (ActiveRecord: 0.0ms)


  
ActionController::ParameterMissing (param is missing or the value is empty: user):
  
app/controllers/users_controller.rb:11:in `create'
Started POST "/users?name=peter&email=peter.peter.com" for 127.0.0.1 at 2018-07-09 16:20:49 -0700
Processing by UsersController#create as */*
  Parameters: {"name"=>"peter", "email"=>"peter.peter.com"}
Completed 500 Internal Server Error in 31ms (ActiveRecord: 0.0ms)


  
NoMethodError (undefined method `permit' for "peter":String):
  
app/controllers/users_controller.rb:11:in `create'
Started POST "/users?name=peter&email=peter.peter.com" for 127.0.0.1 at 2018-07-09 16:21:14 -0700
Processing by UsersController#create as */*
  Parameters: {"name"=>"peter", "email"=>"peter.peter.com"}
Completed 400 Bad Request in 12ms (ActiveRecord: 0.0ms)


  
ActionController::ParameterMissing (param is missing or the value is empty: user):
  
app/controllers/users_controller.rb:11:in `create'
Started POST "/users?name=peter&email=peter.peter.com" for 127.0.0.1 at 2018-07-09 16:22:05 -0700
Processing by UsersController#create as */*
  Parameters: {"name"=>"peter", "email"=>"peter.peter.com"}
Completed 500 Internal Server Error in 14ms (ActiveRecord: 6.2ms)


  
ArgumentError (When assigning attributes, you must pass a hash as an argument.):
  
app/controllers/users_controller.rb:11:in `create'
Started POST "/users?name=peter&email=peter.peter.com" for 127.0.0.1 at 2018-07-09 16:22:42 -0700
Processing by UsersController#create as */*
  Parameters: {"name"=>"peter", "email"=>"peter.peter.com"}
Completed 500 Internal Server Error in 3ms (ActiveRecord: 0.0ms)


  
ArgumentError (When assigning attributes, you must pass a hash as an argument.):
  
app/controllers/users_controller.rb:11:in `create'
Started POST "/users" for 127.0.0.1 at 2018-07-09 16:23:54 -0700
Processing by UsersController#create as */*
  Parameters: {"name"=>"Nevada"}
Completed 500 Internal Server Error in 1ms (ActiveRecord: 0.0ms)


  
ArgumentError (When assigning attributes, you must pass a hash as an argument.):
  
app/controllers/users_controller.rb:11:in `create'
Started POST "/users" for 127.0.0.1 at 2018-07-09 16:24:36 -0700
Processing by UsersController#create as */*
  Parameters: {"name"=>"Nevada"}
Completed 500 Internal Server Error in 34ms (ActiveRecord: 0.0ms)


  
NoMethodError (undefined method `permit' for "Nevada":String):
  
app/controllers/users_controller.rb:11:in `create'
Started POST "/users" for 127.0.0.1 at 2018-07-09 16:25:20 -0700
Processing by UsersController#create as */*
  Parameters: {"name"=>"Nevada"}
Completed 500 Internal Server Error in 8ms (ActiveRecord: 0.0ms)


  
NoMethodError (undefined method `permit' for "Nevada":String):
  
app/controllers/users_controller.rb:11:in `create'
Started POST "/users" for 127.0.0.1 at 2018-07-09 16:25:45 -0700
Processing by UsersController#create as */*
  Parameters: {"name"=>"Nevada"}
Completed 400 Bad Request in 9ms (ActiveRecord: 0.0ms)


  
ActionController::ParameterMissing (param is missing or the value is empty: user):
  
app/controllers/users_controller.rb:11:in `create'
Started POST "/users" for 127.0.0.1 at 2018-07-09 16:25:49 -0700
Processing by UsersController#create as */*
  Parameters: {"name"=>"Nevada", "email"=>"email@email.com"}
Completed 400 Bad Request in 1ms (ActiveRecord: 0.0ms)


  
ActionController::ParameterMissing (param is missing or the value is empty: user):
  
app/controllers/users_controller.rb:11:in `create'
Started POST "/users" for 127.0.0.1 at 2018-07-09 16:26:20 -0700
Processing by UsersController#create as */*
  Parameters: {"mark"=>{"name"=>"Nevada", "email"=>"email@email.com"}}
Completed 400 Bad Request in 1ms (ActiveRecord: 0.0ms)


  
ActionController::ParameterMissing (param is missing or the value is empty: user):
  
app/controllers/users_controller.rb:11:in `create'
Started POST "/users" for 127.0.0.1 at 2018-07-09 16:26:45 -0700
Processing by UsersController#create as */*
  Parameters: {"mark"=>{"name"=>"Nevada", "email"=>"email@email.com"}}
Completed 500 Internal Server Error in 21ms (ActiveRecord: 7.9ms)


  
ActiveModel::ForbiddenAttributesError (ActiveModel::ForbiddenAttributesError):
  
app/controllers/users_controller.rb:11:in `create'
Started POST "/users" for 127.0.0.1 at 2018-07-09 16:27:37 -0700
Processing by UsersController#create as */*
  Parameters: {"user"=>{"name"=>"Nevada", "email"=>"email@email.com"}}
Completed 500 Internal Server Error in 1ms (ActiveRecord: 0.0ms)


  
ActiveModel::ForbiddenAttributesError (ActiveModel::ForbiddenAttributesError):
  
app/controllers/users_controller.rb:11:in `create'
Started POST "/users?user[name]=peter&user[email]=peter@peter.com" for 127.0.0.1 at 2018-07-09 16:28:05 -0700
Processing by UsersController#create as */*
  Parameters: {"user"=>{"name"=>"peter", "email"=>"peter@peter.com"}}
Completed 500 Internal Server Error in 1ms (ActiveRecord: 0.0ms)


  
ActiveModel::ForbiddenAttributesError (ActiveModel::ForbiddenAttributesError):
  
app/controllers/users_controller.rb:11:in `create'
Started POST "/users?user[name]=peter&user[email]=peter@peter.com" for 127.0.0.1 at 2018-07-09 16:28:29 -0700
Processing by UsersController#create as */*
  Parameters: {"user"=>{"name"=>"peter", "email"=>"peter@peter.com"}}
  [1m[35m (0.2ms)[0m  [1m[35mBEGIN[0m
  [1m[35mSQL (72.3ms)[0m  [1m[32mINSERT INTO "users" ("name", "email", "created_at", "updated_at") VALUES ($1, $2, $3, $4) RETURNING "id"[0m  [["name", "peter"], ["email", "peter@peter.com"], ["created_at", "2018-07-09 23:28:29.299816"], ["updated_at", "2018-07-09 23:28:29.299816"]]
  [1m[35m (44.2ms)[0m  [1m[35mCOMMIT[0m
Completed 200 OK in 173ms (Views: 0.4ms | ActiveRecord: 122.5ms)


Started POST "/users" for 127.0.0.1 at 2018-07-09 16:29:24 -0700
Processing by UsersController#create as */*
  Parameters: {"user"=>{"name"=>"Nevada", "email"=>"email@email.com"}}
  [1m[35m (0.2ms)[0m  [1m[35mBEGIN[0m
  [1m[35mSQL (0.4ms)[0m  [1m[32mINSERT INTO "users" ("name", "email", "created_at", "updated_at") VALUES ($1, $2, $3, $4) RETURNING "id"[0m  [["name", "Nevada"], ["email", "email@email.com"], ["created_at", "2018-07-09 23:29:24.705858"], ["updated_at", "2018-07-09 23:29:24.705858"]]
  [1m[35m (0.5ms)[0m  [1m[35mCOMMIT[0m
Completed 200 OK in 4ms (Views: 0.4ms | ActiveRecord: 1.1ms)


Started POST "/users?user[name]=peter&user[email]=peter@peter.com" for 127.0.0.1 at 2018-07-09 16:29:52 -0700
Processing by UsersController#create as */*
  Parameters: {"user"=>{"name"=>"peter", "email"=>"peter@peter.com"}}
  [1m[35m (0.2ms)[0m  [1m[35mBEGIN[0m
  [1m[35mSQL (0.4ms)[0m  [1m[32mINSERT INTO "users" ("name", "email", "created_at", "updated_at") VALUES ($1, $2, $3, $4) RETURNING "id"[0m  [["name", "peter"], ["email", "peter@peter.com"], ["created_at", "2018-07-09 23:29:52.274211"], ["updated_at", "2018-07-09 23:29:52.274211"]]
  [1m[35m (0.5ms)[0m  [1m[35mCOMMIT[0m
Completed 200 OK in 4ms (Views: 0.4ms | ActiveRecord: 1.0ms)


Started POST "/users" for 127.0.0.1 at 2018-07-09 16:29:58 -0700
Processing by UsersController#create as */*
  Parameters: {"user"=>{"name"=>"Nevada", "email"=>"email@email.com"}}
  [1m[35m (0.2ms)[0m  [1m[35mBEGIN[0m
  [1m[35mSQL (1.1ms)[0m  [1m[32mINSERT INTO "users" ("name", "email", "created_at", "updated_at") VALUES ($1, $2, $3, $4) RETURNING "id"[0m  [["name", "Nevada"], ["email", "email@email.com"], ["created_at", "2018-07-09 23:29:59.003228"], ["updated_at", "2018-07-09 23:29:59.003228"]]
  [1m[35m (1.3ms)[0m  [1m[35mCOMMIT[0m
Completed 200 OK in 9ms (Views: 0.4ms | ActiveRecord: 2.5ms)


Started POST "/users?user[email]=peter@peter.com" for 127.0.0.1 at 2018-07-09 16:31:18 -0700
Processing by UsersController#create as */*
  Parameters: {"user"=>{"email"=>"peter@peter.com"}}
  [1m[35m (0.3ms)[0m  [1m[35mBEGIN[0m
  [1m[35mSQL (16.9ms)[0m  [1m[32mINSERT INTO "users" ("email", "created_at", "updated_at") VALUES ($1, $2, $3) RETURNING "id"[0m  [["email", "peter@peter.com"], ["created_at", "2018-07-09 23:31:18.325083"], ["updated_at", "2018-07-09 23:31:18.325083"]]
  [1m[35m (0.2ms)[0m  [1m[31mROLLBACK[0m
Completed 500 Internal Server Error in 33ms (ActiveRecord: 23.2ms)


  
ActiveRecord::NotNullViolation (PG::NotNullViolation: ERROR:  null value in column "name" violates not-null constraint
DETAIL:  Failing row contains (8, null, peter@peter.com, 2018-07-09 23:31:18.325083, 2018-07-09 23:31:18.325083).
: INSERT INTO "users" ("email", "created_at", "updated_at") VALUES ($1, $2, $3) RETURNING "id"):
  
app/controllers/users_controller.rb:13:in `create'
Started POST "/users?user[name]=peter&user[email]=peter@peter.com" for 127.0.0.1 at 2018-07-09 16:32:10 -0700
Processing by UsersController#create as */*
  Parameters: {"user"=>{"name"=>"peter", "email"=>"peter@peter.com"}}
  [1m[35m (0.2ms)[0m  [1m[35mBEGIN[0m
  [1m[35mSQL (0.5ms)[0m  [1m[32mINSERT INTO "users" ("name", "email", "created_at", "updated_at") VALUES ($1, $2, $3, $4) RETURNING "id"[0m  [["name", "peter"], ["email", "peter@peter.com"], ["created_at", "2018-07-09 23:32:10.520257"], ["updated_at", "2018-07-09 23:32:10.520257"]]
  [1m[35m (0.5ms)[0m  [1m[35mCOMMIT[0m
Completed 200 OK in 4ms (Views: 0.5ms | ActiveRecord: 1.2ms)


Started POST "/users" for 127.0.0.1 at 2018-07-09 16:32:14 -0700
Processing by UsersController#create as */*
  Parameters: {"user"=>{"email"=>"email@email.com"}}
  [1m[35m (0.2ms)[0m  [1m[35mBEGIN[0m
  [1m[35mSQL (15.9ms)[0m  [1m[32mINSERT INTO "users" ("email", "created_at", "updated_at") VALUES ($1, $2, $3) RETURNING "id"[0m  [["email", "email@email.com"], ["created_at", "2018-07-09 23:32:14.251697"], ["updated_at", "2018-07-09 23:32:14.251697"]]
  [1m[35m (0.2ms)[0m  [1m[31mROLLBACK[0m
Completed 500 Internal Server Error in 19ms (ActiveRecord: 16.3ms)


  
ActiveRecord::NotNullViolation (PG::NotNullViolation: ERROR:  null value in column "name" violates not-null constraint
DETAIL:  Failing row contains (10, null, email@email.com, 2018-07-09 23:32:14.251697, 2018-07-09 23:32:14.251697).
: INSERT INTO "users" ("email", "created_at", "updated_at") VALUES ($1, $2, $3) RETURNING "id"):
  
app/controllers/users_controller.rb:13:in `create'
Started POST "/users" for 127.0.0.1 at 2018-07-09 16:32:19 -0700
Processing by UsersController#create as */*
  Parameters: {"user"=>{"name"=>"Nevada", "email"=>"email@email.com"}}
  [1m[35m (0.2ms)[0m  [1m[35mBEGIN[0m
  [1m[35mSQL (0.6ms)[0m  [1m[32mINSERT INTO "users" ("name", "email", "created_at", "updated_at") VALUES ($1, $2, $3, $4) RETURNING "id"[0m  [["name", "Nevada"], ["email", "email@email.com"], ["created_at", "2018-07-09 23:32:19.320117"], ["updated_at", "2018-07-09 23:32:19.320117"]]
  [1m[35m (0.5ms)[0m  [1m[35mCOMMIT[0m
Completed 200 OK in 5ms (Views: 0.5ms | ActiveRecord: 1.3ms)


Started POST "/users" for 127.0.0.1 at 2018-07-09 16:32:32 -0700
Processing by UsersController#create as */*
  Parameters: {"user"=>{"email"=>"email@email.com"}}
  [1m[35m (0.2ms)[0m  [1m[35mBEGIN[0m
  [1m[35mSQL (45.3ms)[0m  [1m[32mINSERT INTO "users" ("email", "created_at", "updated_at") VALUES ($1, $2, $3) RETURNING "id"[0m  [["email", "email@email.com"], ["created_at", "2018-07-09 23:32:32.738663"], ["updated_at", "2018-07-09 23:32:32.738663"]]
  [1m[35m (1.8ms)[0m  [1m[31mROLLBACK[0m
Completed 500 Internal Server Error in 51ms (ActiveRecord: 47.3ms)


  
ActiveRecord::NotNullViolation (PG::NotNullViolation: ERROR:  null value in column "name" violates not-null constraint
DETAIL:  Failing row contains (12, null, email@email.com, 2018-07-09 23:32:32.738663, 2018-07-09 23:32:32.738663).
: INSERT INTO "users" ("email", "created_at", "updated_at") VALUES ($1, $2, $3) RETURNING "id"):
  
app/controllers/users_controller.rb:13:in `create'
Started POST "/users" for 127.0.0.1 at 2018-07-09 16:38:27 -0700
Processing by UsersController#create as */*
  Parameters: {"user"=>{"email"=>"email@email.com"}}
  [1m[35m (0.2ms)[0m  [1m[35mBEGIN[0m
  [1m[35mSQL (15.6ms)[0m  [1m[32mINSERT INTO "users" ("email", "created_at", "updated_at") VALUES ($1, $2, $3) RETURNING "id"[0m  [["email", "email@email.com"], ["created_at", "2018-07-09 23:38:27.875192"], ["updated_at", "2018-07-09 23:38:27.875192"]]
  [1m[35m (1.4ms)[0m  [1m[31mROLLBACK[0m
Completed 500 Internal Server Error in 24ms (ActiveRecord: 17.2ms)


  
ActiveRecord::NotNullViolation (PG::NotNullViolation: ERROR:  null value in column "name" violates not-null constraint
DETAIL:  Failing row contains (13, null, email@email.com, 2018-07-09 23:38:27.875192, 2018-07-09 23:38:27.875192).
: INSERT INTO "users" ("email", "created_at", "updated_at") VALUES ($1, $2, $3) RETURNING "id"):
  
app/controllers/users_controller.rb:13:in `create'
Started POST "/users" for 127.0.0.1 at 2018-07-09 16:40:43 -0700
Processing by UsersController#create as */*
  Parameters: {"user"=>{"email"=>"email@email.com"}}
  [1m[35m (0.2ms)[0m  [1m[35mBEGIN[0m
  [1m[35m (0.3ms)[0m  [1m[31mROLLBACK[0m
Completed 422 Unprocessable Entity in 72ms (Views: 0.2ms | ActiveRecord: 5.9ms)


Started GET "/users/" for 127.0.0.1 at 2018-07-09 16:47:15 -0700
Processing by UsersController#index as */*
  [1m[36mUser Load (0.4ms)[0m  [1m[34mSELECT "users".* FROM "users"[0m
Completed 200 OK in 27ms (Views: 6.6ms | ActiveRecord: 5.6ms)


Started GET "/users/?user[name]=Jason&user[email]=jason.jason.com" for 127.0.0.1 at 2018-07-09 16:48:34 -0700
Processing by UsersController#index as */*
  Parameters: {"user"=>{"name"=>"Jason", "email"=>"jason.jason.com"}}
  [1m[36mUser Load (0.9ms)[0m  [1m[34mSELECT "users".* FROM "users"[0m
Completed 200 OK in 5ms (Views: 3.6ms | ActiveRecord: 0.9ms)


Started GET "/users/?user[name]=Jason" for 127.0.0.1 at 2018-07-09 16:50:32 -0700
Processing by UsersController#index as */*
  Parameters: {"user"=>{"name"=>"Jason"}}
  [1m[36mUser Load (0.4ms)[0m  [1m[34mSELECT "users".* FROM "users"[0m
Completed 200 OK in 27ms (Views: 6.7ms | ActiveRecord: 5.5ms)


Started GET "/user/?user[name]=Jason" for 127.0.0.1 at 2018-07-09 16:51:01 -0700
  
ActionController::RoutingError (No route matches [GET] "/user"):
  
actionpack (5.1.6) lib/action_dispatch/middleware/debug_exceptions.rb:63:in `call'
web-console (3.6.2) lib/web_console/middleware.rb:135:in `call_app'
web-console (3.6.2) lib/web_console/middleware.rb:30:in `block in call'
web-console (3.6.2) lib/web_console/middleware.rb:20:in `catch'
web-console (3.6.2) lib/web_console/middleware.rb:20:in `call'
actionpack (5.1.6) lib/action_dispatch/middleware/show_exceptions.rb:31:in `call'
railties (5.1.6) lib/rails/rack/logger.rb:36:in `call_app'
railties (5.1.6) lib/rails/rack/logger.rb:24:in `block in call'
activesupport (5.1.6) lib/active_support/tagged_logging.rb:69:in `block in tagged'
activesupport (5.1.6) lib/active_support/tagged_logging.rb:26:in `tagged'
activesupport (5.1.6) lib/active_support/tagged_logging.rb:69:in `tagged'
railties (5.1.6) lib/rails/rack/logger.rb:24:in `call'
sprockets-rails (3.2.1) lib/sprockets/rails/quiet_assets.rb:13:in `call'
actionpack (5.1.6) lib/action_dispatch/middleware/remote_ip.rb:79:in `call'
actionpack (5.1.6) lib/action_dispatch/middleware/request_id.rb:25:in `call'
rack (2.0.5) lib/rack/method_override.rb:22:in `call'
rack (2.0.5) lib/rack/runtime.rb:22:in `call'
activesupport (5.1.6) lib/active_support/cache/strategy/local_cache_middleware.rb:27:in `call'
actionpack (5.1.6) lib/action_dispatch/middleware/executor.rb:12:in `call'
actionpack (5.1.6) lib/action_dispatch/middleware/static.rb:125:in `call'
rack (2.0.5) lib/rack/sendfile.rb:111:in `call'
railties (5.1.6) lib/rails/engine.rb:522:in `call'
puma (3.11.4) lib/puma/configuration.rb:225:in `call'
puma (3.11.4) lib/puma/server.rb:632:in `handle_request'
puma (3.11.4) lib/puma/server.rb:446:in `process_client'
puma (3.11.4) lib/puma/server.rb:306:in `block in run'
puma (3.11.4) lib/puma/thread_pool.rb:120:in `block in spawn_thread'
Started GET "/users/2?user[name]=Jason" for 127.0.0.1 at 2018-07-09 16:51:13 -0700
Processing by UsersController#show as */*
  Parameters: {"user"=>{"name"=>"Jason"}, "id"=>"2"}
  [1m[36mUser Load (1.2ms)[0m  [1m[34mSELECT  "users".* FROM "users" LIMIT $1[0m  [["LIMIT", 1]]
Completed 200 OK in 4ms (Views: 0.7ms | ActiveRecord: 1.2ms)


Started GET "/users/2" for 127.0.0.1 at 2018-07-09 16:51:20 -0700
Processing by UsersController#show as */*
  Parameters: {"id"=>"2"}
  [1m[36mUser Load (0.4ms)[0m  [1m[34mSELECT  "users".* FROM "users" LIMIT $1[0m  [["LIMIT", 1]]
Completed 200 OK in 2ms (Views: 0.4ms | ActiveRecord: 0.4ms)


Started GET "/users/3" for 127.0.0.1 at 2018-07-09 16:51:27 -0700
Processing by UsersController#show as */*
  Parameters: {"id"=>"3"}
  [1m[36mUser Load (0.5ms)[0m  [1m[34mSELECT  "users".* FROM "users" LIMIT $1[0m  [["LIMIT", 1]]
Completed 200 OK in 3ms (Views: 0.6ms | ActiveRecord: 0.5ms)


Started GET "/users/1" for 127.0.0.1 at 2018-07-09 16:51:58 -0700
Processing by UsersController#show as */*
  Parameters: {"id"=>"1"}
  [1m[36mUser Load (1.4ms)[0m  [1m[34mSELECT  "users".* FROM "users" LIMIT $1[0m  [["LIMIT", 1]]
Completed 200 OK in 4ms (Views: 0.8ms | ActiveRecord: 1.4ms)


Started GET "/users/5" for 127.0.0.1 at 2018-07-09 16:52:37 -0700
Processing by UsersController#show as */*
  Parameters: {"id"=>"5"}
  [1m[36mUser Load (0.4ms)[0m  [1m[34mSELECT  "users".* FROM "users" LIMIT $1[0m  [["LIMIT", 1]]
Completed 200 OK in 3ms (Views: 0.6ms | ActiveRecord: 0.4ms)


Started GET "/users/5" for 127.0.0.1 at 2018-07-09 16:53:21 -0700
Processing by UsersController#show as */*
  Parameters: {"id"=>"5"}
Completed 500 Internal Server Error in 14ms (ActiveRecord: 0.0ms)


  
ArgumentError (Unsupported argument type: name (Symbol)):
  
app/controllers/users_controller.rb:7:in `show'
Started GET "/users/5" for 127.0.0.1 at 2018-07-09 16:53:29 -0700
  
SyntaxError (/Users/appacademy/Desktop/W4D1/first_routes/app/controllers/users_controller.rb:7: syntax error, unexpected '=', expecting ')'
    user = User.find_by(:name = params[:name])
                              ^
/Users/appacademy/Desktop/W4D1/first_routes/app/controllers/users_controller.rb:7: syntax error, unexpected ')', expecting keyword_end
....find_by(:name = params[:name])
...                              ^):
  
app/controllers/users_controller.rb:7: syntax error, unexpected '=', expecting ')'
app/controllers/users_controller.rb:7: syntax error, unexpected ')', expecting keyword_end
Started GET "/users/5" for 127.0.0.1 at 2018-07-09 16:54:26 -0700
Processing by UsersController#show as */*
  Parameters: {"id"=>"5"}
  [1m[36mUser Load (0.5ms)[0m  [1m[34mSELECT  "users".* FROM "users" WHERE "users"."name" IS NULL LIMIT $1[0m  [["LIMIT", 1]]
Completed 200 OK in 38ms (Views: 0.2ms | ActiveRecord: 3.5ms)


Started GET "/users/2" for 127.0.0.1 at 2018-07-09 16:54:34 -0700
Processing by UsersController#show as */*
  Parameters: {"id"=>"2"}
  [1m[36mUser Load (0.6ms)[0m  [1m[34mSELECT  "users".* FROM "users" WHERE "users"."name" IS NULL LIMIT $1[0m  [["LIMIT", 1]]
Completed 200 OK in 3ms (Views: 0.2ms | ActiveRecord: 0.6ms)


Started GET "/users/2" for 127.0.0.1 at 2018-07-09 16:54:53 -0700
Processing by UsersController#show as */*
  Parameters: {"id"=>"2"}
  [1m[36mUser Load (0.5ms)[0m  [1m[34mSELECT  "users".* FROM "users" WHERE "users"."id" = $1 LIMIT $2[0m  [["id", 2], ["LIMIT", 1]]
Completed 200 OK in 18ms (Views: 0.5ms | ActiveRecord: 7.4ms)


Started GET "/users/3" for 127.0.0.1 at 2018-07-09 16:55:12 -0700
Processing by UsersController#show as */*
  Parameters: {"id"=>"3"}
  [1m[36mUser Load (1.0ms)[0m  [1m[34mSELECT  "users".* FROM "users" WHERE "users"."id" = $1 LIMIT $2[0m  [["id", 3], ["LIMIT", 1]]
Completed 200 OK in 6ms (Views: 0.9ms | ActiveRecord: 1.0ms)


  [1m[36mUser Load (2.1ms)[0m  [1m[34mSELECT "users".* FROM "users"[0m
Started GET "/users/4" for 127.0.0.1 at 2018-07-09 16:55:36 -0700
Processing by UsersController#show as */*
  Parameters: {"id"=>"4"}
  [1m[36mUser Load (1.3ms)[0m  [1m[34mSELECT  "users".* FROM "users" WHERE "users"."id" = $1 LIMIT $2[0m  [["id", 4], ["LIMIT", 1]]
Completed 200 OK in 6ms (Views: 0.8ms | ActiveRecord: 1.3ms)


Started PATCH "/users/4" for 127.0.0.1 at 2018-07-09 17:02:25 -0700
Processing by UsersController#update as */*
  Parameters: {"user"=>{"name"=>"Nevada", "email"=>"email@email.com"}, "id"=>"4"}
  [1m[36mUser Load (0.2ms)[0m  [1m[34mSELECT  "users".* FROM "users" WHERE "users"."id" = $1 LIMIT $2[0m  [["id", 4], ["LIMIT", 1]]
Unpermitted parameters: :user, :id
  [1m[35m (0.2ms)[0m  [1m[35mBEGIN[0m
  [1m[35m (0.2ms)[0m  [1m[35mCOMMIT[0m
Completed 200 OK in 28ms (Views: 0.6ms | ActiveRecord: 6.4ms)


Started PATCH "/users/4?user[name]=Pan" for 127.0.0.1 at 2018-07-09 17:02:51 -0700
Processing by UsersController#update as */*
  Parameters: {"user"=>{"name"=>"Pan"}, "id"=>"4"}
  [1m[36mUser Load (0.3ms)[0m  [1m[34mSELECT  "users".* FROM "users" WHERE "users"."id" = $1 LIMIT $2[0m  [["id", 4], ["LIMIT", 1]]
Unpermitted parameters: :user, :id
  [1m[35m (0.2ms)[0m  [1m[35mBEGIN[0m
  [1m[35m (0.2ms)[0m  [1m[35mCOMMIT[0m
Completed 200 OK in 3ms (Views: 0.3ms | ActiveRecord: 0.6ms)


Started PATCH "/users/?user[name]=Pan&id=4" for 127.0.0.1 at 2018-07-09 17:03:18 -0700
  
ActionController::RoutingError (No route matches [PATCH] "/users"):
  
actionpack (5.1.6) lib/action_dispatch/middleware/debug_exceptions.rb:63:in `call'
web-console (3.6.2) lib/web_console/middleware.rb:135:in `call_app'
web-console (3.6.2) lib/web_console/middleware.rb:30:in `block in call'
web-console (3.6.2) lib/web_console/middleware.rb:20:in `catch'
web-console (3.6.2) lib/web_console/middleware.rb:20:in `call'
actionpack (5.1.6) lib/action_dispatch/middleware/show_exceptions.rb:31:in `call'
railties (5.1.6) lib/rails/rack/logger.rb:36:in `call_app'
railties (5.1.6) lib/rails/rack/logger.rb:24:in `block in call'
activesupport (5.1.6) lib/active_support/tagged_logging.rb:69:in `block in tagged'
activesupport (5.1.6) lib/active_support/tagged_logging.rb:26:in `tagged'
activesupport (5.1.6) lib/active_support/tagged_logging.rb:69:in `tagged'
railties (5.1.6) lib/rails/rack/logger.rb:24:in `call'
sprockets-rails (3.2.1) lib/sprockets/rails/quiet_assets.rb:13:in `call'
actionpack (5.1.6) lib/action_dispatch/middleware/remote_ip.rb:79:in `call'
actionpack (5.1.6) lib/action_dispatch/middleware/request_id.rb:25:in `call'
rack (2.0.5) lib/rack/method_override.rb:22:in `call'
rack (2.0.5) lib/rack/runtime.rb:22:in `call'
activesupport (5.1.6) lib/active_support/cache/strategy/local_cache_middleware.rb:27:in `call'
actionpack (5.1.6) lib/action_dispatch/middleware/executor.rb:12:in `call'
actionpack (5.1.6) lib/action_dispatch/middleware/static.rb:125:in `call'
rack (2.0.5) lib/rack/sendfile.rb:111:in `call'
railties (5.1.6) lib/rails/engine.rb:522:in `call'
puma (3.11.4) lib/puma/configuration.rb:225:in `call'
puma (3.11.4) lib/puma/server.rb:632:in `handle_request'
puma (3.11.4) lib/puma/server.rb:446:in `process_client'
puma (3.11.4) lib/puma/server.rb:306:in `block in run'
puma (3.11.4) lib/puma/thread_pool.rb:120:in `block in spawn_thread'
Started PATCH "/users/4?user[name]=Pan&id=4" for 127.0.0.1 at 2018-07-09 17:03:23 -0700
Processing by UsersController#update as */*
  Parameters: {"user"=>{"name"=>"Pan"}, "id"=>"4"}
  [1m[36mUser Load (0.3ms)[0m  [1m[34mSELECT  "users".* FROM "users" WHERE "users"."id" = $1 LIMIT $2[0m  [["id", 4], ["LIMIT", 1]]
Unpermitted parameters: :user, :id
  [1m[35m (0.2ms)[0m  [1m[35mBEGIN[0m
  [1m[35m (0.2ms)[0m  [1m[35mCOMMIT[0m
Completed 200 OK in 4ms (Views: 0.4ms | ActiveRecord: 0.7ms)


  [1m[36mUser Load (0.7ms)[0m  [1m[34mSELECT "users".* FROM "users"[0m
Started PATCH "/users/4?user[name]=Pan&id=4" for 127.0.0.1 at 2018-07-09 17:06:31 -0700
Processing by UsersController#update as */*
  Parameters: {"user"=>{"name"=>"Pan"}, "id"=>"4"}
  [1m[36mUser Load (0.7ms)[0m  [1m[34mSELECT  "users".* FROM "users" WHERE "users"."id" = $1 LIMIT $2[0m  [["id", 4], ["LIMIT", 1]]
  [1m[35m (0.2ms)[0m  [1m[35mBEGIN[0m
  [1m[35m (0.2ms)[0m  [1m[31mROLLBACK[0m
Completed 500 Internal Server Error in 30ms (ActiveRecord: 7.5ms)


  
ActiveModel::ForbiddenAttributesError (ActiveModel::ForbiddenAttributesError):
  
app/controllers/users_controller.rb:24:in `update'
Started PATCH "/users/4?user[name]=Pan&user[email]=email" for 127.0.0.1 at 2018-07-09 17:07:09 -0700
Processing by UsersController#update as */*
  Parameters: {"user"=>{"name"=>"Pan", "email"=>"email"}, "id"=>"4"}
  [1m[36mUser Load (0.2ms)[0m  [1m[34mSELECT  "users".* FROM "users" WHERE "users"."id" = $1 LIMIT $2[0m  [["id", 4], ["LIMIT", 1]]
  [1m[35m (0.2ms)[0m  [1m[35mBEGIN[0m
  [1m[35m (0.2ms)[0m  [1m[31mROLLBACK[0m
Completed 500 Internal Server Error in 3ms (ActiveRecord: 0.6ms)


  
ActiveModel::ForbiddenAttributesError (ActiveModel::ForbiddenAttributesError):
  
app/controllers/users_controller.rb:24:in `update'
Started PATCH "/users/4?user[name]=Pan&user[email]=email" for 127.0.0.1 at 2018-07-09 17:08:10 -0700
Processing by UsersController#update as */*
  Parameters: {"user"=>{"name"=>"Pan", "email"=>"email"}, "id"=>"4"}
  [1m[36mUser Load (0.3ms)[0m  [1m[34mSELECT  "users".* FROM "users" WHERE "users"."id" = $1 LIMIT $2[0m  [["id", 4], ["LIMIT", 1]]
  [1m[35m (0.2ms)[0m  [1m[35mBEGIN[0m
  [1m[35m (0.2ms)[0m  [1m[31mROLLBACK[0m
Completed 500 Internal Server Error in 50ms (ActiveRecord: 6.9ms)


  
ActiveModel::ForbiddenAttributesError (ActiveModel::ForbiddenAttributesError):
  
app/controllers/users_controller.rb:24:in `update'
Started PATCH "/users/4?name=Pan&email=email" for 127.0.0.1 at 2018-07-09 17:08:56 -0700
Processing by UsersController#update as */*
  Parameters: {"user"=>{"name"=>"Nevada", "email"=>"email@email.com"}, "name"=>"Pan", "email"=>"email", "id"=>"4"}
  [1m[36mUser Load (0.4ms)[0m  [1m[34mSELECT  "users".* FROM "users" WHERE "users"."id" = $1 LIMIT $2[0m  [["id", 4], ["LIMIT", 1]]
  [1m[35m (0.2ms)[0m  [1m[35mBEGIN[0m
  [1m[35m (1.0ms)[0m  [1m[31mROLLBACK[0m
Completed 500 Internal Server Error in 5ms (ActiveRecord: 1.6ms)


  
ActiveModel::ForbiddenAttributesError (ActiveModel::ForbiddenAttributesError):
  
app/controllers/users_controller.rb:24:in `update'
Started PATCH "/users/4?user[name]=Pan&user[email]=email" for 127.0.0.1 at 2018-07-09 17:10:15 -0700
Processing by UsersController#update as */*
  Parameters: {"user"=>{"name"=>"Pan", "email"=>"email"}, "id"=>"4"}
  [1m[36mUser Load (0.2ms)[0m  [1m[34mSELECT  "users".* FROM "users" WHERE "users"."id" = $1 LIMIT $2[0m  [["id", 4], ["LIMIT", 1]]
  [1m[35m (0.2ms)[0m  [1m[35mBEGIN[0m
  [1m[35m (0.2ms)[0m  [1m[31mROLLBACK[0m
Completed 422 Unprocessable Entity in 29ms (Views: 0.3ms | ActiveRecord: 5.9ms)


Started PATCH "/users/4?name=Pan&email=email" for 127.0.0.1 at 2018-07-09 17:10:45 -0700
Processing by UsersController#update as */*
  Parameters: {"user"=>{"name"=>"Nevada", "email"=>"email@email.com"}, "name"=>"Pan", "email"=>"email", "id"=>"4"}
  [1m[36mUser Load (0.3ms)[0m  [1m[34mSELECT  "users".* FROM "users" WHERE "users"."id" = $1 LIMIT $2[0m  [["id", 4], ["LIMIT", 1]]
  [1m[35m (0.2ms)[0m  [1m[35mBEGIN[0m
  [1m[35mSQL (48.7ms)[0m  [1m[33mUPDATE "users" SET "name" = $1, "email" = $2, "updated_at" = $3 WHERE "users"."id" = $4[0m  [["name", "Pan"], ["email", "email"], ["updated_at", "2018-07-10 00:10:45.091555"], ["id", 4]]
  [1m[35m (0.5ms)[0m  [1m[35mCOMMIT[0m
Completed 200 OK in 54ms (Views: 0.5ms | ActiveRecord: 49.6ms)


Started PATCH "/users/4?user[name]=Pan&user[email]=email" for 127.0.0.1 at 2018-07-09 17:14:00 -0700
Processing by UsersController#update as */*
  Parameters: {"user"=>{"name"=>"Pan", "email"=>"email"}, "id"=>"4"}
  [1m[36mUser Load (0.3ms)[0m  [1m[34mSELECT  "users".* FROM "users" WHERE "users"."id" = $1 LIMIT $2[0m  [["id", 4], ["LIMIT", 1]]
Completed 500 Internal Server Error in 19ms (ActiveRecord: 8.3ms)


  
TypeError (no implicit conversion of Symbol into Integer):
  
app/controllers/users_controller.rb:24:in `[]'
app/controllers/users_controller.rb:24:in `update'
Started PATCH "/users/4?user[name]=Pan&user[email]=email" for 127.0.0.1 at 2018-07-09 17:14:45 -0700
Processing by UsersController#update as */*
  Parameters: {"user"=>{"name"=>"Pan", "email"=>"email"}, "id"=>"4"}
  [1m[36mUser Load (0.3ms)[0m  [1m[34mSELECT  "users".* FROM "users" WHERE "users"."id" = $1 LIMIT $2[0m  [["id", 4], ["LIMIT", 1]]
  [1m[35m (0.2ms)[0m  [1m[35mBEGIN[0m
  [1m[35m (0.2ms)[0m  [1m[35mCOMMIT[0m
Completed 200 OK in 28ms (Views: 0.5ms | ActiveRecord: 6.2ms)


Started PATCH "/users/4?user[name]=Pater&user[email]=email" for 127.0.0.1 at 2018-07-09 17:14:55 -0700
Processing by UsersController#update as */*
  Parameters: {"user"=>{"name"=>"Pater", "email"=>"email"}, "id"=>"4"}
  [1m[36mUser Load (1.1ms)[0m  [1m[34mSELECT  "users".* FROM "users" WHERE "users"."id" = $1 LIMIT $2[0m  [["id", 4], ["LIMIT", 1]]
  [1m[35m (0.2ms)[0m  [1m[35mBEGIN[0m
  [1m[35mSQL (0.7ms)[0m  [1m[33mUPDATE "users" SET "name" = $1, "updated_at" = $2 WHERE "users"."id" = $3[0m  [["name", "Pater"], ["updated_at", "2018-07-10 00:14:55.052205"], ["id", 4]]
  [1m[35m (0.5ms)[0m  [1m[35mCOMMIT[0m
Completed 200 OK in 9ms (Views: 0.5ms | ActiveRecord: 2.5ms)


Started PATCH "/users/4?user[name]=Pater&user[email]=email" for 127.0.0.1 at 2018-07-09 17:17:53 -0700
Processing by UsersController#update as */*
  Parameters: {"user"=>{"name"=>"Pater", "email"=>"email"}, "id"=>"4"}
  [1m[36mUser Load (0.3ms)[0m  [1m[34mSELECT  "users".* FROM "users" WHERE "users"."id" = $1 LIMIT $2[0m  [["id", 4], ["LIMIT", 1]]
  [1m[35m (0.2ms)[0m  [1m[35mBEGIN[0m
  [1m[35m (0.2ms)[0m  [1m[35mCOMMIT[0m
Completed 200 OK in 32ms (Views: 0.4ms | ActiveRecord: 6.4ms)


Started PATCH "/users/4?user[email]=email" for 127.0.0.1 at 2018-07-09 17:17:56 -0700
Processing by UsersController#update as */*
  Parameters: {"user"=>{"email"=>"email"}, "id"=>"4"}
  [1m[36mUser Load (0.9ms)[0m  [1m[34mSELECT  "users".* FROM "users" WHERE "users"."id" = $1 LIMIT $2[0m  [["id", 4], ["LIMIT", 1]]
  [1m[35m (0.3ms)[0m  [1m[35mBEGIN[0m
  [1m[35m (0.3ms)[0m  [1m[31mROLLBACK[0m
Completed 422 Unprocessable Entity in 7ms (Views: 0.2ms | ActiveRecord: 1.4ms)


Started PATCH "/users/4?user[name]=Pater&user[email]=email" for 127.0.0.1 at 2018-07-09 17:18:27 -0700
Processing by UsersController#update as */*
  Parameters: {"user"=>{"name"=>"Pater", "email"=>"email"}, "id"=>"4"}
  [1m[36mUser Load (0.3ms)[0m  [1m[34mSELECT  "users".* FROM "users" WHERE "users"."id" = $1 LIMIT $2[0m  [["id", 4], ["LIMIT", 1]]
  [1m[35m (0.2ms)[0m  [1m[35mBEGIN[0m
  [1m[35m (0.2ms)[0m  [1m[35mCOMMIT[0m
Completed 200 OK in 32ms (Views: 0.4ms | ActiveRecord: 6.8ms)


Started PATCH "/users/4?user[email]=email" for 127.0.0.1 at 2018-07-09 17:18:33 -0700
Processing by UsersController#update as */*
  Parameters: {"user"=>{"email"=>"email"}, "id"=>"4"}
  [1m[36mUser Load (0.3ms)[0m  [1m[34mSELECT  "users".* FROM "users" WHERE "users"."id" = $1 LIMIT $2[0m  [["id", 4], ["LIMIT", 1]]
  [1m[35m (0.2ms)[0m  [1m[35mBEGIN[0m
  [1m[35m (0.3ms)[0m  [1m[31mROLLBACK[0m
Completed 422 Unprocessable Entity in 7ms (Views: 0.2ms | ActiveRecord: 0.9ms)


Started PATCH "/users/4?user[name]=Pater" for 127.0.0.1 at 2018-07-09 17:19:48 -0700
Processing by UsersController#update as */*
  Parameters: {"user"=>{"name"=>"Pater"}, "id"=>"4"}
  [1m[36mUser Load (0.4ms)[0m  [1m[34mSELECT  "users".* FROM "users" WHERE "users"."id" = $1 LIMIT $2[0m  [["id", 4], ["LIMIT", 1]]
  [1m[35m (0.3ms)[0m  [1m[35mBEGIN[0m
  [1m[35m (0.2ms)[0m  [1m[35mCOMMIT[0m
Completed 200 OK in 45ms (Views: 0.4ms | ActiveRecord: 7.9ms)


Started PATCH "/users/4?user[name]=Pater" for 127.0.0.1 at 2018-07-09 17:21:11 -0700
Processing by UsersController#update as */*
  Parameters: {"user"=>{"name"=>"Pater"}, "id"=>"4"}
  [1m[36mUser Load (0.4ms)[0m  [1m[34mSELECT  "users".* FROM "users" WHERE "users"."id" = $1 LIMIT $2[0m  [["id", 4], ["LIMIT", 1]]
  [1m[35m (0.2ms)[0m  [1m[35mBEGIN[0m
  [1m[35m (0.2ms)[0m  [1m[35mCOMMIT[0m
Completed 200 OK in 60ms (Views: 0.4ms | ActiveRecord: 8.5ms)


Started PATCH "/users/4?user[name]=Pater" for 127.0.0.1 at 2018-07-09 17:22:57 -0700
Processing by UsersController#update as */*
  Parameters: {"user"=>{"name"=>"Pater"}, "id"=>"4"}
  [1m[36mUser Load (0.3ms)[0m  [1m[34mSELECT  "users".* FROM "users" WHERE "users"."id" = $1 LIMIT $2[0m  [["id", 4], ["LIMIT", 1]]
  [1m[35m (0.2ms)[0m  [1m[35mBEGIN[0m
  [1m[35mSQL (37.8ms)[0m  [1m[33mUPDATE "users" SET "email" = $1, "updated_at" = $2 WHERE "users"."id" = $3[0m  [["email", nil], ["updated_at", "2018-07-10 00:22:57.616048"], ["id", 4]]
  [1m[35m (0.2ms)[0m  [1m[31mROLLBACK[0m
Completed 500 Internal Server Error in 57ms (ActiveRecord: 44.4ms)


  
ActiveRecord::NotNullViolation (PG::NotNullViolation: ERROR:  null value in column "email" violates not-null constraint
DETAIL:  Failing row contains (4, Pater, null, 2018-07-09 23:28:29.299816, 2018-07-10 00:22:57.616048).
: UPDATE "users" SET "email" = $1, "updated_at" = $2 WHERE "users"."id" = $3):
  
app/controllers/users_controller.rb:26:in `update'
Started PATCH "/users/4?user[name]=Pater" for 127.0.0.1 at 2018-07-09 17:23:46 -0700
Processing by UsersController#update as */*
  Parameters: {"user"=>{"name"=>"Pater"}, "id"=>"4"}
  [1m[36mUser Load (0.2ms)[0m  [1m[34mSELECT  "users".* FROM "users" WHERE "users"."id" = $1 LIMIT $2[0m  [["id", 4], ["LIMIT", 1]]
  [1m[35m (0.2ms)[0m  [1m[35mBEGIN[0m
  [1m[35mSQL (0.9ms)[0m  [1m[33mUPDATE "users" SET "email" = $1, "updated_at" = $2 WHERE "users"."id" = $3[0m  [["email", nil], ["updated_at", "2018-07-10 00:23:46.481883"], ["id", 4]]
  [1m[35m (0.2ms)[0m  [1m[31mROLLBACK[0m
Completed 500 Internal Server Error in 17ms (ActiveRecord: 7.2ms)


  
ActiveRecord::NotNullViolation (PG::NotNullViolation: ERROR:  null value in column "email" violates not-null constraint
DETAIL:  Failing row contains (4, Pater, null, 2018-07-09 23:28:29.299816, 2018-07-10 00:23:46.481883).
: UPDATE "users" SET "email" = $1, "updated_at" = $2 WHERE "users"."id" = $3):
  
app/controllers/users_controller.rb:26:in `update'
Started DELETE "/users/7" for 127.0.0.1 at 2018-07-09 17:25:26 -0700
Processing by UsersController#destroy as */*
  Parameters: {"user"=>{"name"=>"Nevada", "email"=>"email@email.com"}, "id"=>"7"}
  [1m[36mUser Load (4.4ms)[0m  [1m[34mSELECT  "users".* FROM "users" WHERE "users"."id" = $1 LIMIT $2[0m  [["id", 7], ["LIMIT", 1]]
  [1m[35m (0.2ms)[0m  [1m[35mBEGIN[0m
  [1m[35mSQL (0.5ms)[0m  [1m[31mDELETE FROM "users" WHERE "users"."id" = $1[0m  [["id", 7]]
  [1m[35m (0.6ms)[0m  [1m[35mCOMMIT[0m
Completed 200 OK in 26ms (Views: 0.5ms | ActiveRecord: 13.0ms)


  [1m[36mUser Load (2.2ms)[0m  [1m[34mSELECT "users".* FROM "users"[0m
